[2026-01-24T19:06:06.074+0000] {local_task_job_runner.py:120} INFO - ::group::Pre task execution logs
[2026-01-24T19:06:06.111+0000] {taskinstance.py:2076} INFO - Dependencies all met for dep_context=non-requeueable deps ti=<TaskInstance: minio_to_snowflake.load_snowflake scheduled__2026-01-24T19:03:00+00:00 [queued]>
[2026-01-24T19:06:06.118+0000] {taskinstance.py:2076} INFO - Dependencies all met for dep_context=requeueable deps ti=<TaskInstance: minio_to_snowflake.load_snowflake scheduled__2026-01-24T19:03:00+00:00 [queued]>
[2026-01-24T19:06:06.118+0000] {taskinstance.py:2306} INFO - Starting attempt 1 of 2
[2026-01-24T19:06:06.128+0000] {taskinstance.py:2330} INFO - Executing <Task(PythonOperator): load_snowflake> on 2026-01-24 19:03:00+00:00
[2026-01-24T19:06:06.136+0000] {standard_task_runner.py:90} INFO - Running: ['***', 'tasks', 'run', 'minio_to_snowflake', 'load_snowflake', 'scheduled__2026-01-24T19:03:00+00:00', '--job-id', '11', '--raw', '--subdir', 'DAGS_FOLDER/minio_to_snowflake.py', '--cfg-path', '/tmp/tmp3nc72l4l']
[2026-01-24T19:06:06.138+0000] {logging_mixin.py:188} WARNING - /home/***/.local/lib/python3.12/site-packages/***/task/task_runner/standard_task_runner.py:62 DeprecationWarning: This process (pid=905) is multi-threaded, use of fork() may lead to deadlocks in the child.
[2026-01-24T19:06:06.139+0000] {standard_task_runner.py:91} INFO - Job 11: Subtask load_snowflake
[2026-01-24T19:06:06.139+0000] {standard_task_runner.py:64} INFO - Started process 918 to run task
[2026-01-24T19:06:06.211+0000] {task_command.py:426} INFO - Running <TaskInstance: minio_to_snowflake.load_snowflake scheduled__2026-01-24T19:03:00+00:00 [running]> on host a80bed76b455
[2026-01-24T19:06:06.312+0000] {taskinstance.py:2648} INFO - Exporting env vars: AIRFLOW_CTX_DAG_OWNER='***' AIRFLOW_CTX_DAG_ID='minio_to_snowflake' AIRFLOW_CTX_TASK_ID='load_snowflake' AIRFLOW_CTX_EXECUTION_DATE='2026-01-24T19:03:00+00:00' AIRFLOW_CTX_TRY_NUMBER='1' AIRFLOW_CTX_DAG_RUN_ID='scheduled__2026-01-24T19:03:00+00:00'
[2026-01-24T19:06:06.314+0000] {taskinstance.py:430} INFO - ::endgroup::
[2026-01-24T19:06:06.341+0000] {connection.py:408} INFO - Snowflake Connector for Python Version: 3.11.0, Python Version: 3.12.4, Platform: Linux-6.12.54-linuxkit-aarch64-with-glibc2.36
[2026-01-24T19:06:06.342+0000] {connection.py:1258} INFO - This connection is in OCSP Fail Open Mode. TLS Certificates would be checked for validity and revocation status. Any other Certificate Revocation related exceptions or OCSP Responder failures would be disregarded in favor of connectivity.
[2026-01-24T19:06:10.046+0000] {logging_mixin.py:188} INFO - Uploaded /tmp/minio_downloads/1769235248.json to Snowflake stage
[2026-01-24T19:06:11.044+0000] {logging_mixin.py:188} INFO - Uploaded /tmp/minio_downloads/1769235262.json to Snowflake stage
[2026-01-24T19:06:12.287+0000] {logging_mixin.py:188} INFO - Uploaded /tmp/minio_downloads/1769235272.json to Snowflake stage
[2026-01-24T19:06:13.297+0000] {logging_mixin.py:188} INFO - Uploaded /tmp/minio_downloads/1769235286.json to Snowflake stage
[2026-01-24T19:06:14.342+0000] {logging_mixin.py:188} INFO - Uploaded /tmp/minio_downloads/1769248267.json to Snowflake stage
[2026-01-24T19:06:15.353+0000] {logging_mixin.py:188} INFO - Uploaded /tmp/minio_downloads/1769248278.json to Snowflake stage
[2026-01-24T19:06:16.290+0000] {logging_mixin.py:188} INFO - Uploaded /tmp/minio_downloads/1769248297.json to Snowflake stage
[2026-01-24T19:06:17.293+0000] {logging_mixin.py:188} INFO - Uploaded /tmp/minio_downloads/1769248309.json to Snowflake stage
[2026-01-24T19:06:18.220+0000] {logging_mixin.py:188} INFO - Uploaded /tmp/minio_downloads/1769248321.json to Snowflake stage
[2026-01-24T19:06:19.248+0000] {logging_mixin.py:188} INFO - Uploaded /tmp/minio_downloads/1769248332.json to Snowflake stage
[2026-01-24T19:06:20.363+0000] {logging_mixin.py:188} INFO - Uploaded /tmp/minio_downloads/1769248342.json to Snowflake stage
[2026-01-24T19:06:21.728+0000] {logging_mixin.py:188} INFO - Uploaded /tmp/minio_downloads/1769248356.json to Snowflake stage
[2026-01-24T19:06:22.840+0000] {logging_mixin.py:188} INFO - Uploaded /tmp/minio_downloads/1769248370.json to Snowflake stage
[2026-01-24T19:06:23.805+0000] {logging_mixin.py:188} INFO - Uploaded /tmp/minio_downloads/1769248384.json to Snowflake stage
[2026-01-24T19:06:24.862+0000] {logging_mixin.py:188} INFO - Uploaded /tmp/minio_downloads/1769235245.json to Snowflake stage
[2026-01-24T19:06:25.811+0000] {logging_mixin.py:188} INFO - Uploaded /tmp/minio_downloads/1769235256.json to Snowflake stage
[2026-01-24T19:06:26.858+0000] {logging_mixin.py:188} INFO - Uploaded /tmp/minio_downloads/1769235271.json to Snowflake stage
[2026-01-24T19:06:27.877+0000] {logging_mixin.py:188} INFO - Uploaded /tmp/minio_downloads/1769235281.json to Snowflake stage
[2026-01-24T19:06:29.085+0000] {logging_mixin.py:188} INFO - Uploaded /tmp/minio_downloads/1769235295.json to Snowflake stage
[2026-01-24T19:06:30.009+0000] {logging_mixin.py:188} INFO - Uploaded /tmp/minio_downloads/1769248264.json to Snowflake stage
[2026-01-24T19:06:30.973+0000] {logging_mixin.py:188} INFO - Uploaded /tmp/minio_downloads/1769248276.json to Snowflake stage
[2026-01-24T19:06:31.952+0000] {logging_mixin.py:188} INFO - Uploaded /tmp/minio_downloads/1769248291.json to Snowflake stage
[2026-01-24T19:06:33.286+0000] {logging_mixin.py:188} INFO - Uploaded /tmp/minio_downloads/1769248306.json to Snowflake stage
[2026-01-24T19:06:34.749+0000] {logging_mixin.py:188} INFO - Uploaded /tmp/minio_downloads/1769248320.json to Snowflake stage
[2026-01-24T19:06:35.792+0000] {logging_mixin.py:188} INFO - Uploaded /tmp/minio_downloads/1769248330.json to Snowflake stage
[2026-01-24T19:06:36.765+0000] {logging_mixin.py:188} INFO - Uploaded /tmp/minio_downloads/1769248340.json to Snowflake stage
[2026-01-24T19:06:37.777+0000] {logging_mixin.py:188} INFO - Uploaded /tmp/minio_downloads/1769248355.json to Snowflake stage
[2026-01-24T19:06:38.979+0000] {logging_mixin.py:188} INFO - Uploaded /tmp/minio_downloads/1769248368.json to Snowflake stage
[2026-01-24T19:06:40.323+0000] {logging_mixin.py:188} INFO - Uploaded /tmp/minio_downloads/1769248381.json to Snowflake stage
[2026-01-24T19:06:41.374+0000] {logging_mixin.py:188} INFO - Uploaded /tmp/minio_downloads/1769248394.json to Snowflake stage
[2026-01-24T19:06:42.297+0000] {logging_mixin.py:188} INFO - Uploaded /tmp/minio_downloads/1769235247.json to Snowflake stage
[2026-01-24T19:06:43.450+0000] {logging_mixin.py:188} INFO - Uploaded /tmp/minio_downloads/1769235258.json to Snowflake stage
[2026-01-24T19:06:44.387+0000] {logging_mixin.py:188} INFO - Uploaded /tmp/minio_downloads/1769235272.json to Snowflake stage
[2026-01-24T19:06:45.523+0000] {logging_mixin.py:188} INFO - Uploaded /tmp/minio_downloads/1769235283.json to Snowflake stage
[2026-01-24T19:06:46.498+0000] {logging_mixin.py:188} INFO - Uploaded /tmp/minio_downloads/1769248266.json to Snowflake stage
[2026-01-24T19:06:47.459+0000] {logging_mixin.py:188} INFO - Uploaded /tmp/minio_downloads/1769248277.json to Snowflake stage
[2026-01-24T19:06:48.436+0000] {logging_mixin.py:188} INFO - Uploaded /tmp/minio_downloads/1769248296.json to Snowflake stage
[2026-01-24T19:06:49.685+0000] {logging_mixin.py:188} INFO - Uploaded /tmp/minio_downloads/1769248308.json to Snowflake stage
[2026-01-24T19:06:50.656+0000] {logging_mixin.py:188} INFO - Uploaded /tmp/minio_downloads/1769248321.json to Snowflake stage
[2026-01-24T19:06:51.715+0000] {logging_mixin.py:188} INFO - Uploaded /tmp/minio_downloads/1769248331.json to Snowflake stage
[2026-01-24T19:06:52.630+0000] {logging_mixin.py:188} INFO - Uploaded /tmp/minio_downloads/1769248341.json to Snowflake stage
[2026-01-24T19:06:54.201+0000] {logging_mixin.py:188} INFO - Uploaded /tmp/minio_downloads/1769248356.json to Snowflake stage
[2026-01-24T19:06:55.147+0000] {logging_mixin.py:188} INFO - Uploaded /tmp/minio_downloads/1769248369.json to Snowflake stage
[2026-01-24T19:06:56.445+0000] {logging_mixin.py:188} INFO - Uploaded /tmp/minio_downloads/1769248383.json to Snowflake stage
[2026-01-24T19:06:57.536+0000] {logging_mixin.py:188} INFO - Uploaded /tmp/minio_downloads/1769248395.json to Snowflake stage
[2026-01-24T19:06:58.514+0000] {cursor.py:1149} INFO - Number of results in first chunk: 1
[2026-01-24T19:06:58.515+0000] {logging_mixin.py:188} INFO - COPY INTO Snowflake completed
[2026-01-24T19:06:58.712+0000] {logging_mixin.py:188} INFO - Deleted processed file GOOGL/1769235248.json
[2026-01-24T19:06:58.717+0000] {logging_mixin.py:188} INFO - Deleted processed file GOOGL/1769235262.json
[2026-01-24T19:06:58.722+0000] {logging_mixin.py:188} INFO - Deleted processed file GOOGL/1769235272.json
[2026-01-24T19:06:58.725+0000] {logging_mixin.py:188} INFO - Deleted processed file GOOGL/1769235286.json
[2026-01-24T19:06:58.728+0000] {logging_mixin.py:188} INFO - Deleted processed file GOOGL/1769248267.json
[2026-01-24T19:06:58.731+0000] {logging_mixin.py:188} INFO - Deleted processed file GOOGL/1769248278.json
[2026-01-24T19:06:58.734+0000] {logging_mixin.py:188} INFO - Deleted processed file GOOGL/1769248297.json
[2026-01-24T19:06:58.737+0000] {logging_mixin.py:188} INFO - Deleted processed file GOOGL/1769248309.json
[2026-01-24T19:06:58.741+0000] {logging_mixin.py:188} INFO - Deleted processed file GOOGL/1769248321.json
[2026-01-24T19:06:58.745+0000] {logging_mixin.py:188} INFO - Deleted processed file GOOGL/1769248332.json
[2026-01-24T19:06:58.749+0000] {logging_mixin.py:188} INFO - Deleted processed file GOOGL/1769248342.json
[2026-01-24T19:06:58.752+0000] {logging_mixin.py:188} INFO - Deleted processed file GOOGL/1769248356.json
[2026-01-24T19:06:58.755+0000] {logging_mixin.py:188} INFO - Deleted processed file GOOGL/1769248370.json
[2026-01-24T19:06:58.760+0000] {logging_mixin.py:188} INFO - Deleted processed file GOOGL/1769248384.json
[2026-01-24T19:06:58.764+0000] {logging_mixin.py:188} INFO - Deleted processed file MSFT/1769235245.json
[2026-01-24T19:06:58.767+0000] {logging_mixin.py:188} INFO - Deleted processed file MSFT/1769235256.json
[2026-01-24T19:06:58.769+0000] {logging_mixin.py:188} INFO - Deleted processed file MSFT/1769235271.json
[2026-01-24T19:06:58.773+0000] {logging_mixin.py:188} INFO - Deleted processed file MSFT/1769235281.json
[2026-01-24T19:06:58.775+0000] {logging_mixin.py:188} INFO - Deleted processed file MSFT/1769235295.json
[2026-01-24T19:06:58.778+0000] {logging_mixin.py:188} INFO - Deleted processed file MSFT/1769248264.json
[2026-01-24T19:06:58.781+0000] {logging_mixin.py:188} INFO - Deleted processed file MSFT/1769248276.json
[2026-01-24T19:06:58.784+0000] {logging_mixin.py:188} INFO - Deleted processed file MSFT/1769248291.json
[2026-01-24T19:06:58.787+0000] {logging_mixin.py:188} INFO - Deleted processed file MSFT/1769248306.json
[2026-01-24T19:06:58.789+0000] {logging_mixin.py:188} INFO - Deleted processed file MSFT/1769248320.json
[2026-01-24T19:06:58.791+0000] {logging_mixin.py:188} INFO - Deleted processed file MSFT/1769248330.json
[2026-01-24T19:06:58.793+0000] {logging_mixin.py:188} INFO - Deleted processed file MSFT/1769248340.json
[2026-01-24T19:06:58.795+0000] {logging_mixin.py:188} INFO - Deleted processed file MSFT/1769248355.json
[2026-01-24T19:06:58.797+0000] {logging_mixin.py:188} INFO - Deleted processed file MSFT/1769248368.json
[2026-01-24T19:06:58.800+0000] {logging_mixin.py:188} INFO - Deleted processed file MSFT/1769248381.json
[2026-01-24T19:06:58.803+0000] {logging_mixin.py:188} INFO - Deleted processed file MSFT/1769248394.json
[2026-01-24T19:06:58.805+0000] {logging_mixin.py:188} INFO - Deleted processed file TSLA/1769235247.json
[2026-01-24T19:06:58.808+0000] {logging_mixin.py:188} INFO - Deleted processed file TSLA/1769235258.json
[2026-01-24T19:06:58.808+0000] {taskinstance.py:441} INFO - ::group::Post task execution logs
[2026-01-24T19:06:58.810+0000] {taskinstance.py:2905} ERROR - Task failed with exception
Traceback (most recent call last):
  File "/home/airflow/.local/lib/python3.12/site-packages/airflow/models/taskinstance.py", line 465, in _execute_task
    result = _execute_callable(context=context, **execute_callable_kwargs)
             ^^^^^^^^^^^^^^^^^^^^^^^^^^^^^^^^^^^^^^^^^^^^^^^^^^^^^^^^^^^^^
  File "/home/airflow/.local/lib/python3.12/site-packages/airflow/models/taskinstance.py", line 432, in _execute_callable
    return execute_callable(context=context, **execute_callable_kwargs)
           ^^^^^^^^^^^^^^^^^^^^^^^^^^^^^^^^^^^^^^^^^^^^^^^^^^^^^^^^^^^^
  File "/home/airflow/.local/lib/python3.12/site-packages/airflow/models/baseoperator.py", line 401, in wrapper
    return func(self, *args, **kwargs)
           ^^^^^^^^^^^^^^^^^^^^^^^^^^^
  File "/home/airflow/.local/lib/python3.12/site-packages/airflow/operators/python.py", line 235, in execute
    return_value = self.execute_callable()
                   ^^^^^^^^^^^^^^^^^^^^^^^
  File "/home/airflow/.local/lib/python3.12/site-packages/airflow/operators/python.py", line 252, in execute_callable
    return self.python_callable(*self.op_args, **self.op_kwargs)
           ^^^^^^^^^^^^^^^^^^^^^^^^^^^^^^^^^^^^^^^^^^^^^^^^^^^^^
  File "/opt/airflow/dags/minio_to_snowflake.py", line 105, in load_to_snowflake
    os.remove(file_path)
FileNotFoundError: [Errno 2] No such file or directory: '/tmp/minio_downloads/1769235272.json'
[2026-01-24T19:06:58.838+0000] {taskinstance.py:1206} INFO - Marking task as UP_FOR_RETRY. dag_id=minio_to_snowflake, task_id=load_snowflake, run_id=scheduled__2026-01-24T19:03:00+00:00, execution_date=20260124T190300, start_date=20260124T190606, end_date=20260124T190658
[2026-01-24T19:06:58.858+0000] {standard_task_runner.py:110} ERROR - Failed to execute job 11 for task load_snowflake ([Errno 2] No such file or directory: '/tmp/minio_downloads/1769235272.json'; 918)
[2026-01-24T19:06:58.901+0000] {local_task_job_runner.py:243} INFO - Task exited with return code 1
[2026-01-24T19:06:58.937+0000] {taskinstance.py:3503} INFO - 0 downstream tasks scheduled from follow-on schedule check
[2026-01-24T19:06:58.939+0000] {local_task_job_runner.py:222} INFO - ::endgroup::
