[2026-01-24T00:07:31.498+0000] {processor.py:161} INFO - Started process (PID=1801) to work on /opt/airflow/dags/minio_to_snowflake.py
[2026-01-24T00:07:31.499+0000] {processor.py:830} INFO - Processing file /opt/airflow/dags/minio_to_snowflake.py for tasks to queue
[2026-01-24T00:07:31.500+0000] {logging_mixin.py:188} INFO - [2026-01-24T00:07:31.499+0000] {dagbag.py:545} INFO - Filling up the DagBag from /opt/airflow/dags/minio_to_snowflake.py
[2026-01-24T00:07:32.345+0000] {processor.py:840} INFO - DAG(s) 'minio_to_snowflake' retrieved from /opt/airflow/dags/minio_to_snowflake.py
[2026-01-24T00:07:32.374+0000] {logging_mixin.py:188} INFO - [2026-01-24T00:07:32.374+0000] {dag.py:3089} INFO - Sync 1 DAGs
[2026-01-24T00:07:32.390+0000] {logging_mixin.py:188} INFO - [2026-01-24T00:07:32.390+0000] {dag.py:3947} INFO - Setting next_dagrun for minio_to_snowflake to 2026-01-24 00:06:00+00:00, run_after=2026-01-24 00:07:00+00:00
[2026-01-24T00:07:32.403+0000] {processor.py:183} INFO - Processing /opt/airflow/dags/minio_to_snowflake.py took 0.921 seconds
[2026-01-24T00:38:00.436+0000] {processor.py:161} INFO - Started process (PID=1804) to work on /opt/airflow/dags/minio_to_snowflake.py
[2026-01-24T00:38:00.438+0000] {processor.py:830} INFO - Processing file /opt/airflow/dags/minio_to_snowflake.py for tasks to queue
[2026-01-24T00:38:00.439+0000] {logging_mixin.py:188} INFO - [2026-01-24T00:38:00.438+0000] {dagbag.py:545} INFO - Filling up the DagBag from /opt/airflow/dags/minio_to_snowflake.py
[2026-01-24T00:38:01.385+0000] {processor.py:840} INFO - DAG(s) 'minio_to_snowflake' retrieved from /opt/airflow/dags/minio_to_snowflake.py
[2026-01-24T00:38:01.419+0000] {logging_mixin.py:188} INFO - [2026-01-24T00:38:01.419+0000] {dag.py:3089} INFO - Sync 1 DAGs
[2026-01-24T00:38:01.445+0000] {logging_mixin.py:188} INFO - [2026-01-24T00:38:01.444+0000] {dag.py:3947} INFO - Setting next_dagrun for minio_to_snowflake to 2026-01-24 00:37:00+00:00, run_after=2026-01-24 00:38:00+00:00
[2026-01-24T00:38:01.459+0000] {processor.py:183} INFO - Processing /opt/airflow/dags/minio_to_snowflake.py took 1.035 seconds
[2026-01-24T00:51:18.115+0000] {processor.py:161} INFO - Started process (PID=1807) to work on /opt/airflow/dags/minio_to_snowflake.py
[2026-01-24T00:51:18.117+0000] {processor.py:830} INFO - Processing file /opt/airflow/dags/minio_to_snowflake.py for tasks to queue
[2026-01-24T00:51:18.118+0000] {logging_mixin.py:188} INFO - [2026-01-24T00:51:18.117+0000] {dagbag.py:545} INFO - Filling up the DagBag from /opt/airflow/dags/minio_to_snowflake.py
[2026-01-24T00:51:18.983+0000] {processor.py:840} INFO - DAG(s) 'minio_to_snowflake' retrieved from /opt/airflow/dags/minio_to_snowflake.py
[2026-01-24T00:51:19.016+0000] {logging_mixin.py:188} INFO - [2026-01-24T00:51:19.014+0000] {dag.py:3089} INFO - Sync 1 DAGs
[2026-01-24T00:51:19.032+0000] {logging_mixin.py:188} INFO - [2026-01-24T00:51:19.032+0000] {dag.py:3947} INFO - Setting next_dagrun for minio_to_snowflake to 2026-01-24 00:50:00+00:00, run_after=2026-01-24 00:51:00+00:00
[2026-01-24T00:51:19.044+0000] {processor.py:183} INFO - Processing /opt/airflow/dags/minio_to_snowflake.py took 0.939 seconds
[2026-01-24T01:06:48.318+0000] {processor.py:161} INFO - Started process (PID=1810) to work on /opt/airflow/dags/minio_to_snowflake.py
[2026-01-24T01:06:48.319+0000] {processor.py:830} INFO - Processing file /opt/airflow/dags/minio_to_snowflake.py for tasks to queue
[2026-01-24T01:06:48.322+0000] {logging_mixin.py:188} INFO - [2026-01-24T01:06:48.320+0000] {dagbag.py:545} INFO - Filling up the DagBag from /opt/airflow/dags/minio_to_snowflake.py
[2026-01-24T01:06:49.239+0000] {processor.py:840} INFO - DAG(s) 'minio_to_snowflake' retrieved from /opt/airflow/dags/minio_to_snowflake.py
[2026-01-24T01:06:49.271+0000] {logging_mixin.py:188} INFO - [2026-01-24T01:06:49.270+0000] {dag.py:3089} INFO - Sync 1 DAGs
[2026-01-24T01:06:49.287+0000] {logging_mixin.py:188} INFO - [2026-01-24T01:06:49.287+0000] {dag.py:3947} INFO - Setting next_dagrun for minio_to_snowflake to 2026-01-24 01:05:00+00:00, run_after=2026-01-24 01:06:00+00:00
[2026-01-24T01:06:49.302+0000] {processor.py:183} INFO - Processing /opt/airflow/dags/minio_to_snowflake.py took 0.996 seconds
[2026-01-24T01:22:17.475+0000] {processor.py:161} INFO - Started process (PID=1813) to work on /opt/airflow/dags/minio_to_snowflake.py
[2026-01-24T01:22:17.477+0000] {processor.py:830} INFO - Processing file /opt/airflow/dags/minio_to_snowflake.py for tasks to queue
[2026-01-24T01:22:17.479+0000] {logging_mixin.py:188} INFO - [2026-01-24T01:22:17.478+0000] {dagbag.py:545} INFO - Filling up the DagBag from /opt/airflow/dags/minio_to_snowflake.py
[2026-01-24T01:22:18.325+0000] {processor.py:840} INFO - DAG(s) 'minio_to_snowflake' retrieved from /opt/airflow/dags/minio_to_snowflake.py
[2026-01-24T01:22:18.348+0000] {logging_mixin.py:188} INFO - [2026-01-24T01:22:18.347+0000] {dag.py:3089} INFO - Sync 1 DAGs
[2026-01-24T01:22:18.363+0000] {logging_mixin.py:188} INFO - [2026-01-24T01:22:18.363+0000] {dag.py:3947} INFO - Setting next_dagrun for minio_to_snowflake to 2026-01-24 01:21:00+00:00, run_after=2026-01-24 01:22:00+00:00
[2026-01-24T01:22:18.377+0000] {processor.py:183} INFO - Processing /opt/airflow/dags/minio_to_snowflake.py took 0.916 seconds
[2026-01-24T01:37:46.210+0000] {processor.py:161} INFO - Started process (PID=1816) to work on /opt/airflow/dags/minio_to_snowflake.py
[2026-01-24T01:37:46.211+0000] {processor.py:830} INFO - Processing file /opt/airflow/dags/minio_to_snowflake.py for tasks to queue
[2026-01-24T01:37:46.213+0000] {logging_mixin.py:188} INFO - [2026-01-24T01:37:46.212+0000] {dagbag.py:545} INFO - Filling up the DagBag from /opt/airflow/dags/minio_to_snowflake.py
[2026-01-24T01:37:47.080+0000] {processor.py:840} INFO - DAG(s) 'minio_to_snowflake' retrieved from /opt/airflow/dags/minio_to_snowflake.py
[2026-01-24T01:37:47.113+0000] {logging_mixin.py:188} INFO - [2026-01-24T01:37:47.112+0000] {dag.py:3089} INFO - Sync 1 DAGs
[2026-01-24T01:37:47.132+0000] {logging_mixin.py:188} INFO - [2026-01-24T01:37:47.131+0000] {dag.py:3947} INFO - Setting next_dagrun for minio_to_snowflake to 2026-01-24 01:36:00+00:00, run_after=2026-01-24 01:37:00+00:00
[2026-01-24T01:37:47.144+0000] {processor.py:183} INFO - Processing /opt/airflow/dags/minio_to_snowflake.py took 0.947 seconds
[2026-01-24T01:52:40.889+0000] {processor.py:161} INFO - Started process (PID=1819) to work on /opt/airflow/dags/minio_to_snowflake.py
[2026-01-24T01:52:40.891+0000] {processor.py:830} INFO - Processing file /opt/airflow/dags/minio_to_snowflake.py for tasks to queue
[2026-01-24T01:52:40.893+0000] {logging_mixin.py:188} INFO - [2026-01-24T01:52:40.892+0000] {dagbag.py:545} INFO - Filling up the DagBag from /opt/airflow/dags/minio_to_snowflake.py
[2026-01-24T01:52:41.811+0000] {processor.py:840} INFO - DAG(s) 'minio_to_snowflake' retrieved from /opt/airflow/dags/minio_to_snowflake.py
[2026-01-24T01:52:41.833+0000] {logging_mixin.py:188} INFO - [2026-01-24T01:52:41.832+0000] {dag.py:3089} INFO - Sync 1 DAGs
[2026-01-24T01:52:41.848+0000] {logging_mixin.py:188} INFO - [2026-01-24T01:52:41.848+0000] {dag.py:3947} INFO - Setting next_dagrun for minio_to_snowflake to 2026-01-24 01:51:00+00:00, run_after=2026-01-24 01:52:00+00:00
[2026-01-24T01:52:41.860+0000] {processor.py:183} INFO - Processing /opt/airflow/dags/minio_to_snowflake.py took 0.984 seconds
[2026-01-24T02:23:10.954+0000] {processor.py:161} INFO - Started process (PID=1822) to work on /opt/airflow/dags/minio_to_snowflake.py
[2026-01-24T02:23:10.956+0000] {processor.py:830} INFO - Processing file /opt/airflow/dags/minio_to_snowflake.py for tasks to queue
[2026-01-24T02:23:10.957+0000] {logging_mixin.py:188} INFO - [2026-01-24T02:23:10.957+0000] {dagbag.py:545} INFO - Filling up the DagBag from /opt/airflow/dags/minio_to_snowflake.py
[2026-01-24T02:23:11.878+0000] {processor.py:840} INFO - DAG(s) 'minio_to_snowflake' retrieved from /opt/airflow/dags/minio_to_snowflake.py
[2026-01-24T02:23:11.903+0000] {logging_mixin.py:188} INFO - [2026-01-24T02:23:11.901+0000] {dag.py:3089} INFO - Sync 1 DAGs
[2026-01-24T02:23:11.919+0000] {logging_mixin.py:188} INFO - [2026-01-24T02:23:11.919+0000] {dag.py:3947} INFO - Setting next_dagrun for minio_to_snowflake to 2026-01-24 02:22:00+00:00, run_after=2026-01-24 02:23:00+00:00
[2026-01-24T02:23:11.933+0000] {processor.py:183} INFO - Processing /opt/airflow/dags/minio_to_snowflake.py took 0.990 seconds
[2026-01-24T02:38:40.148+0000] {processor.py:161} INFO - Started process (PID=1825) to work on /opt/airflow/dags/minio_to_snowflake.py
[2026-01-24T02:38:40.150+0000] {processor.py:830} INFO - Processing file /opt/airflow/dags/minio_to_snowflake.py for tasks to queue
[2026-01-24T02:38:40.151+0000] {logging_mixin.py:188} INFO - [2026-01-24T02:38:40.150+0000] {dagbag.py:545} INFO - Filling up the DagBag from /opt/airflow/dags/minio_to_snowflake.py
[2026-01-24T02:38:41.010+0000] {processor.py:840} INFO - DAG(s) 'minio_to_snowflake' retrieved from /opt/airflow/dags/minio_to_snowflake.py
[2026-01-24T02:38:41.051+0000] {logging_mixin.py:188} INFO - [2026-01-24T02:38:41.050+0000] {dag.py:3089} INFO - Sync 1 DAGs
[2026-01-24T02:38:41.087+0000] {logging_mixin.py:188} INFO - [2026-01-24T02:38:41.087+0000] {dag.py:3947} INFO - Setting next_dagrun for minio_to_snowflake to 2026-01-24 02:37:00+00:00, run_after=2026-01-24 02:38:00+00:00
[2026-01-24T02:38:41.109+0000] {processor.py:183} INFO - Processing /opt/airflow/dags/minio_to_snowflake.py took 0.979 seconds
[2026-01-24T02:41:25.944+0000] {processor.py:161} INFO - Started process (PID=1828) to work on /opt/airflow/dags/minio_to_snowflake.py
[2026-01-24T02:41:25.946+0000] {processor.py:830} INFO - Processing file /opt/airflow/dags/minio_to_snowflake.py for tasks to queue
[2026-01-24T02:41:25.948+0000] {logging_mixin.py:188} INFO - [2026-01-24T02:41:25.947+0000] {dagbag.py:545} INFO - Filling up the DagBag from /opt/airflow/dags/minio_to_snowflake.py
[2026-01-24T02:41:27.388+0000] {processor.py:840} INFO - DAG(s) 'minio_to_snowflake' retrieved from /opt/airflow/dags/minio_to_snowflake.py
[2026-01-24T02:41:27.499+0000] {logging_mixin.py:188} INFO - [2026-01-24T02:41:27.498+0000] {dag.py:3089} INFO - Sync 1 DAGs
[2026-01-24T02:41:27.534+0000] {logging_mixin.py:188} INFO - [2026-01-24T02:41:27.534+0000] {dag.py:3947} INFO - Setting next_dagrun for minio_to_snowflake to 2026-01-24 02:40:00+00:00, run_after=2026-01-24 02:41:00+00:00
[2026-01-24T02:41:27.554+0000] {processor.py:183} INFO - Processing /opt/airflow/dags/minio_to_snowflake.py took 1.630 seconds
[2026-01-24T02:53:44.648+0000] {processor.py:161} INFO - Started process (PID=1831) to work on /opt/airflow/dags/minio_to_snowflake.py
[2026-01-24T02:53:44.650+0000] {processor.py:830} INFO - Processing file /opt/airflow/dags/minio_to_snowflake.py for tasks to queue
[2026-01-24T02:53:44.651+0000] {logging_mixin.py:188} INFO - [2026-01-24T02:53:44.651+0000] {dagbag.py:545} INFO - Filling up the DagBag from /opt/airflow/dags/minio_to_snowflake.py
[2026-01-24T02:53:45.515+0000] {processor.py:840} INFO - DAG(s) 'minio_to_snowflake' retrieved from /opt/airflow/dags/minio_to_snowflake.py
[2026-01-24T02:53:45.543+0000] {logging_mixin.py:188} INFO - [2026-01-24T02:53:45.543+0000] {dag.py:3089} INFO - Sync 1 DAGs
[2026-01-24T02:53:45.559+0000] {logging_mixin.py:188} INFO - [2026-01-24T02:53:45.559+0000] {dag.py:3947} INFO - Setting next_dagrun for minio_to_snowflake to 2026-01-24 02:52:00+00:00, run_after=2026-01-24 02:53:00+00:00
[2026-01-24T02:53:45.570+0000] {processor.py:183} INFO - Processing /opt/airflow/dags/minio_to_snowflake.py took 0.933 seconds
[2026-01-24T03:09:14.820+0000] {processor.py:161} INFO - Started process (PID=1834) to work on /opt/airflow/dags/minio_to_snowflake.py
[2026-01-24T03:09:14.825+0000] {processor.py:830} INFO - Processing file /opt/airflow/dags/minio_to_snowflake.py for tasks to queue
[2026-01-24T03:09:14.827+0000] {logging_mixin.py:188} INFO - [2026-01-24T03:09:14.826+0000] {dagbag.py:545} INFO - Filling up the DagBag from /opt/airflow/dags/minio_to_snowflake.py
[2026-01-24T03:09:15.688+0000] {processor.py:840} INFO - DAG(s) 'minio_to_snowflake' retrieved from /opt/airflow/dags/minio_to_snowflake.py
[2026-01-24T03:09:15.723+0000] {logging_mixin.py:188} INFO - [2026-01-24T03:09:15.723+0000] {dag.py:3089} INFO - Sync 1 DAGs
[2026-01-24T03:09:15.741+0000] {logging_mixin.py:188} INFO - [2026-01-24T03:09:15.741+0000] {dag.py:3947} INFO - Setting next_dagrun for minio_to_snowflake to 2026-01-24 03:08:00+00:00, run_after=2026-01-24 03:09:00+00:00
[2026-01-24T03:09:15.753+0000] {processor.py:183} INFO - Processing /opt/airflow/dags/minio_to_snowflake.py took 0.947 seconds
[2026-01-24T03:39:44.332+0000] {processor.py:161} INFO - Started process (PID=1837) to work on /opt/airflow/dags/minio_to_snowflake.py
[2026-01-24T03:39:44.334+0000] {processor.py:830} INFO - Processing file /opt/airflow/dags/minio_to_snowflake.py for tasks to queue
[2026-01-24T03:39:44.335+0000] {logging_mixin.py:188} INFO - [2026-01-24T03:39:44.334+0000] {dagbag.py:545} INFO - Filling up the DagBag from /opt/airflow/dags/minio_to_snowflake.py
[2026-01-24T03:39:45.194+0000] {processor.py:840} INFO - DAG(s) 'minio_to_snowflake' retrieved from /opt/airflow/dags/minio_to_snowflake.py
[2026-01-24T03:39:45.218+0000] {logging_mixin.py:188} INFO - [2026-01-24T03:39:45.217+0000] {dag.py:3089} INFO - Sync 1 DAGs
[2026-01-24T03:39:45.235+0000] {logging_mixin.py:188} INFO - [2026-01-24T03:39:45.234+0000] {dag.py:3947} INFO - Setting next_dagrun for minio_to_snowflake to 2026-01-24 03:38:00+00:00, run_after=2026-01-24 03:39:00+00:00
[2026-01-24T03:39:45.246+0000] {processor.py:183} INFO - Processing /opt/airflow/dags/minio_to_snowflake.py took 0.932 seconds
[2026-01-24T03:40:15.609+0000] {processor.py:161} INFO - Started process (PID=1840) to work on /opt/airflow/dags/minio_to_snowflake.py
[2026-01-24T03:40:15.612+0000] {processor.py:830} INFO - Processing file /opt/airflow/dags/minio_to_snowflake.py for tasks to queue
[2026-01-24T03:40:15.613+0000] {logging_mixin.py:188} INFO - [2026-01-24T03:40:15.612+0000] {dagbag.py:545} INFO - Filling up the DagBag from /opt/airflow/dags/minio_to_snowflake.py
[2026-01-24T03:40:16.476+0000] {processor.py:840} INFO - DAG(s) 'minio_to_snowflake' retrieved from /opt/airflow/dags/minio_to_snowflake.py
[2026-01-24T03:40:16.513+0000] {logging_mixin.py:188} INFO - [2026-01-24T03:40:16.513+0000] {dag.py:3089} INFO - Sync 1 DAGs
[2026-01-24T03:40:16.530+0000] {logging_mixin.py:188} INFO - [2026-01-24T03:40:16.530+0000] {dag.py:3947} INFO - Setting next_dagrun for minio_to_snowflake to 2026-01-24 03:39:00+00:00, run_after=2026-01-24 03:40:00+00:00
[2026-01-24T03:40:16.542+0000] {processor.py:183} INFO - Processing /opt/airflow/dags/minio_to_snowflake.py took 0.944 seconds
[2026-01-24T03:54:39.497+0000] {processor.py:161} INFO - Started process (PID=1843) to work on /opt/airflow/dags/minio_to_snowflake.py
[2026-01-24T03:54:39.499+0000] {processor.py:830} INFO - Processing file /opt/airflow/dags/minio_to_snowflake.py for tasks to queue
[2026-01-24T03:54:39.501+0000] {logging_mixin.py:188} INFO - [2026-01-24T03:54:39.500+0000] {dagbag.py:545} INFO - Filling up the DagBag from /opt/airflow/dags/minio_to_snowflake.py
[2026-01-24T03:54:41.361+0000] {processor.py:840} INFO - DAG(s) 'minio_to_snowflake' retrieved from /opt/airflow/dags/minio_to_snowflake.py
[2026-01-24T03:54:41.455+0000] {logging_mixin.py:188} INFO - [2026-01-24T03:54:41.453+0000] {dag.py:3089} INFO - Sync 1 DAGs
[2026-01-24T03:54:41.490+0000] {logging_mixin.py:188} INFO - [2026-01-24T03:54:41.490+0000] {dag.py:3947} INFO - Setting next_dagrun for minio_to_snowflake to 2026-01-24 03:53:00+00:00, run_after=2026-01-24 03:54:00+00:00
[2026-01-24T03:54:41.513+0000] {processor.py:183} INFO - Processing /opt/airflow/dags/minio_to_snowflake.py took 2.031 seconds
[2026-01-24T04:25:08.860+0000] {processor.py:161} INFO - Started process (PID=1846) to work on /opt/airflow/dags/minio_to_snowflake.py
[2026-01-24T04:25:08.862+0000] {processor.py:830} INFO - Processing file /opt/airflow/dags/minio_to_snowflake.py for tasks to queue
[2026-01-24T04:25:08.863+0000] {logging_mixin.py:188} INFO - [2026-01-24T04:25:08.862+0000] {dagbag.py:545} INFO - Filling up the DagBag from /opt/airflow/dags/minio_to_snowflake.py
[2026-01-24T04:25:10.138+0000] {processor.py:840} INFO - DAG(s) 'minio_to_snowflake' retrieved from /opt/airflow/dags/minio_to_snowflake.py
[2026-01-24T04:25:10.172+0000] {logging_mixin.py:188} INFO - [2026-01-24T04:25:10.172+0000] {dag.py:3089} INFO - Sync 1 DAGs
[2026-01-24T04:25:10.195+0000] {logging_mixin.py:188} INFO - [2026-01-24T04:25:10.195+0000] {dag.py:3947} INFO - Setting next_dagrun for minio_to_snowflake to 2026-01-24 04:24:00+00:00, run_after=2026-01-24 04:25:00+00:00
[2026-01-24T04:25:10.214+0000] {processor.py:183} INFO - Processing /opt/airflow/dags/minio_to_snowflake.py took 1.365 seconds
[2026-01-24T04:37:03.091+0000] {processor.py:161} INFO - Started process (PID=1849) to work on /opt/airflow/dags/minio_to_snowflake.py
[2026-01-24T04:37:03.104+0000] {processor.py:830} INFO - Processing file /opt/airflow/dags/minio_to_snowflake.py for tasks to queue
[2026-01-24T04:37:03.115+0000] {logging_mixin.py:188} INFO - [2026-01-24T04:37:03.107+0000] {dagbag.py:545} INFO - Filling up the DagBag from /opt/airflow/dags/minio_to_snowflake.py
[2026-01-24T04:37:19.753+0000] {processor.py:840} INFO - DAG(s) 'minio_to_snowflake' retrieved from /opt/airflow/dags/minio_to_snowflake.py
[2026-01-24T04:37:19.874+0000] {logging_mixin.py:188} INFO - [2026-01-24T04:37:19.871+0000] {dag.py:3089} INFO - Sync 1 DAGs
[2026-01-24T04:37:19.936+0000] {logging_mixin.py:188} INFO - [2026-01-24T04:37:19.935+0000] {dag.py:3947} INFO - Setting next_dagrun for minio_to_snowflake to 2026-01-24 04:36:00+00:00, run_after=2026-01-24 04:37:00+00:00
[2026-01-24T04:37:19.975+0000] {processor.py:183} INFO - Processing /opt/airflow/dags/minio_to_snowflake.py took 17.078 seconds
[2026-01-24T04:37:50.319+0000] {processor.py:161} INFO - Started process (PID=1852) to work on /opt/airflow/dags/minio_to_snowflake.py
[2026-01-24T04:37:50.337+0000] {processor.py:830} INFO - Processing file /opt/airflow/dags/minio_to_snowflake.py for tasks to queue
[2026-01-24T04:37:50.342+0000] {logging_mixin.py:188} INFO - [2026-01-24T04:37:50.341+0000] {dagbag.py:545} INFO - Filling up the DagBag from /opt/airflow/dags/minio_to_snowflake.py
[2026-01-24T04:37:53.632+0000] {processor.py:840} INFO - DAG(s) 'minio_to_snowflake' retrieved from /opt/airflow/dags/minio_to_snowflake.py
[2026-01-24T04:37:53.700+0000] {logging_mixin.py:188} INFO - [2026-01-24T04:37:53.699+0000] {dag.py:3089} INFO - Sync 1 DAGs
[2026-01-24T04:37:53.745+0000] {logging_mixin.py:188} INFO - [2026-01-24T04:37:53.744+0000] {dag.py:3947} INFO - Setting next_dagrun for minio_to_snowflake to 2026-01-24 04:36:00+00:00, run_after=2026-01-24 04:37:00+00:00
[2026-01-24T04:37:53.766+0000] {processor.py:183} INFO - Processing /opt/airflow/dags/minio_to_snowflake.py took 3.508 seconds
[2026-01-24T04:38:24.183+0000] {processor.py:161} INFO - Started process (PID=1855) to work on /opt/airflow/dags/minio_to_snowflake.py
[2026-01-24T04:38:24.186+0000] {processor.py:830} INFO - Processing file /opt/airflow/dags/minio_to_snowflake.py for tasks to queue
[2026-01-24T04:38:24.190+0000] {logging_mixin.py:188} INFO - [2026-01-24T04:38:24.188+0000] {dagbag.py:545} INFO - Filling up the DagBag from /opt/airflow/dags/minio_to_snowflake.py
[2026-01-24T04:38:25.288+0000] {processor.py:840} INFO - DAG(s) 'minio_to_snowflake' retrieved from /opt/airflow/dags/minio_to_snowflake.py
[2026-01-24T04:38:25.347+0000] {logging_mixin.py:188} INFO - [2026-01-24T04:38:25.346+0000] {dag.py:3089} INFO - Sync 1 DAGs
[2026-01-24T04:38:25.380+0000] {logging_mixin.py:188} INFO - [2026-01-24T04:38:25.379+0000] {dag.py:3947} INFO - Setting next_dagrun for minio_to_snowflake to 2026-01-24 04:37:00+00:00, run_after=2026-01-24 04:38:00+00:00
[2026-01-24T04:38:25.400+0000] {processor.py:183} INFO - Processing /opt/airflow/dags/minio_to_snowflake.py took 1.238 seconds
[2026-01-24T04:38:55.697+0000] {processor.py:161} INFO - Started process (PID=1858) to work on /opt/airflow/dags/minio_to_snowflake.py
[2026-01-24T04:38:55.700+0000] {processor.py:830} INFO - Processing file /opt/airflow/dags/minio_to_snowflake.py for tasks to queue
[2026-01-24T04:38:55.704+0000] {logging_mixin.py:188} INFO - [2026-01-24T04:38:55.701+0000] {dagbag.py:545} INFO - Filling up the DagBag from /opt/airflow/dags/minio_to_snowflake.py
[2026-01-24T04:38:57.124+0000] {processor.py:840} INFO - DAG(s) 'minio_to_snowflake' retrieved from /opt/airflow/dags/minio_to_snowflake.py
[2026-01-24T04:38:57.311+0000] {logging_mixin.py:188} INFO - [2026-01-24T04:38:57.307+0000] {dag.py:3089} INFO - Sync 1 DAGs
[2026-01-24T04:38:57.406+0000] {logging_mixin.py:188} INFO - [2026-01-24T04:38:57.405+0000] {dag.py:3947} INFO - Setting next_dagrun for minio_to_snowflake to 2026-01-24 04:37:00+00:00, run_after=2026-01-24 04:38:00+00:00
[2026-01-24T04:38:57.473+0000] {processor.py:183} INFO - Processing /opt/airflow/dags/minio_to_snowflake.py took 1.800 seconds
[2026-01-24T04:39:28.097+0000] {processor.py:161} INFO - Started process (PID=1861) to work on /opt/airflow/dags/minio_to_snowflake.py
[2026-01-24T04:39:28.100+0000] {processor.py:830} INFO - Processing file /opt/airflow/dags/minio_to_snowflake.py for tasks to queue
[2026-01-24T04:39:28.106+0000] {logging_mixin.py:188} INFO - [2026-01-24T04:39:28.104+0000] {dagbag.py:545} INFO - Filling up the DagBag from /opt/airflow/dags/minio_to_snowflake.py
[2026-01-24T04:39:29.367+0000] {processor.py:840} INFO - DAG(s) 'minio_to_snowflake' retrieved from /opt/airflow/dags/minio_to_snowflake.py
[2026-01-24T04:39:29.443+0000] {logging_mixin.py:188} INFO - [2026-01-24T04:39:29.440+0000] {dag.py:3089} INFO - Sync 1 DAGs
[2026-01-24T04:39:29.525+0000] {logging_mixin.py:188} INFO - [2026-01-24T04:39:29.525+0000] {dag.py:3947} INFO - Setting next_dagrun for minio_to_snowflake to 2026-01-24 04:38:00+00:00, run_after=2026-01-24 04:39:00+00:00
[2026-01-24T04:39:29.548+0000] {processor.py:183} INFO - Processing /opt/airflow/dags/minio_to_snowflake.py took 1.476 seconds
[2026-01-24T04:39:59.982+0000] {processor.py:161} INFO - Started process (PID=1864) to work on /opt/airflow/dags/minio_to_snowflake.py
[2026-01-24T04:39:59.988+0000] {processor.py:830} INFO - Processing file /opt/airflow/dags/minio_to_snowflake.py for tasks to queue
[2026-01-24T04:39:59.990+0000] {logging_mixin.py:188} INFO - [2026-01-24T04:39:59.989+0000] {dagbag.py:545} INFO - Filling up the DagBag from /opt/airflow/dags/minio_to_snowflake.py
[2026-01-24T04:40:01.017+0000] {processor.py:840} INFO - DAG(s) 'minio_to_snowflake' retrieved from /opt/airflow/dags/minio_to_snowflake.py
[2026-01-24T04:40:01.054+0000] {logging_mixin.py:188} INFO - [2026-01-24T04:40:01.054+0000] {dag.py:3089} INFO - Sync 1 DAGs
[2026-01-24T04:40:01.077+0000] {logging_mixin.py:188} INFO - [2026-01-24T04:40:01.077+0000] {dag.py:3947} INFO - Setting next_dagrun for minio_to_snowflake to 2026-01-24 04:39:00+00:00, run_after=2026-01-24 04:40:00+00:00
[2026-01-24T04:40:01.092+0000] {processor.py:183} INFO - Processing /opt/airflow/dags/minio_to_snowflake.py took 1.144 seconds
[2026-01-24T04:40:31.290+0000] {processor.py:161} INFO - Started process (PID=1867) to work on /opt/airflow/dags/minio_to_snowflake.py
[2026-01-24T04:40:31.295+0000] {processor.py:830} INFO - Processing file /opt/airflow/dags/minio_to_snowflake.py for tasks to queue
[2026-01-24T04:40:31.297+0000] {logging_mixin.py:188} INFO - [2026-01-24T04:40:31.296+0000] {dagbag.py:545} INFO - Filling up the DagBag from /opt/airflow/dags/minio_to_snowflake.py
[2026-01-24T04:40:32.575+0000] {processor.py:840} INFO - DAG(s) 'minio_to_snowflake' retrieved from /opt/airflow/dags/minio_to_snowflake.py
[2026-01-24T04:40:32.653+0000] {logging_mixin.py:188} INFO - [2026-01-24T04:40:32.652+0000] {dag.py:3089} INFO - Sync 1 DAGs
[2026-01-24T04:40:32.697+0000] {logging_mixin.py:188} INFO - [2026-01-24T04:40:32.697+0000] {dag.py:3947} INFO - Setting next_dagrun for minio_to_snowflake to 2026-01-24 04:39:00+00:00, run_after=2026-01-24 04:40:00+00:00
[2026-01-24T04:40:32.735+0000] {processor.py:183} INFO - Processing /opt/airflow/dags/minio_to_snowflake.py took 1.467 seconds
[2026-01-24T04:41:03.105+0000] {processor.py:161} INFO - Started process (PID=1870) to work on /opt/airflow/dags/minio_to_snowflake.py
[2026-01-24T04:41:03.110+0000] {processor.py:830} INFO - Processing file /opt/airflow/dags/minio_to_snowflake.py for tasks to queue
[2026-01-24T04:41:03.112+0000] {logging_mixin.py:188} INFO - [2026-01-24T04:41:03.112+0000] {dagbag.py:545} INFO - Filling up the DagBag from /opt/airflow/dags/minio_to_snowflake.py
[2026-01-24T04:41:04.121+0000] {processor.py:840} INFO - DAG(s) 'minio_to_snowflake' retrieved from /opt/airflow/dags/minio_to_snowflake.py
[2026-01-24T04:41:04.167+0000] {logging_mixin.py:188} INFO - [2026-01-24T04:41:04.166+0000] {dag.py:3089} INFO - Sync 1 DAGs
[2026-01-24T04:41:04.188+0000] {logging_mixin.py:188} INFO - [2026-01-24T04:41:04.188+0000] {dag.py:3947} INFO - Setting next_dagrun for minio_to_snowflake to 2026-01-24 04:40:00+00:00, run_after=2026-01-24 04:41:00+00:00
[2026-01-24T04:41:04.208+0000] {processor.py:183} INFO - Processing /opt/airflow/dags/minio_to_snowflake.py took 1.126 seconds
[2026-01-24T04:41:34.438+0000] {processor.py:161} INFO - Started process (PID=1873) to work on /opt/airflow/dags/minio_to_snowflake.py
[2026-01-24T04:41:34.441+0000] {processor.py:830} INFO - Processing file /opt/airflow/dags/minio_to_snowflake.py for tasks to queue
[2026-01-24T04:41:34.443+0000] {logging_mixin.py:188} INFO - [2026-01-24T04:41:34.442+0000] {dagbag.py:545} INFO - Filling up the DagBag from /opt/airflow/dags/minio_to_snowflake.py
[2026-01-24T04:41:35.382+0000] {processor.py:840} INFO - DAG(s) 'minio_to_snowflake' retrieved from /opt/airflow/dags/minio_to_snowflake.py
[2026-01-24T04:41:35.421+0000] {logging_mixin.py:188} INFO - [2026-01-24T04:41:35.420+0000] {dag.py:3089} INFO - Sync 1 DAGs
[2026-01-24T04:41:35.438+0000] {logging_mixin.py:188} INFO - [2026-01-24T04:41:35.437+0000] {dag.py:3947} INFO - Setting next_dagrun for minio_to_snowflake to 2026-01-24 04:40:00+00:00, run_after=2026-01-24 04:41:00+00:00
[2026-01-24T04:41:35.451+0000] {processor.py:183} INFO - Processing /opt/airflow/dags/minio_to_snowflake.py took 1.036 seconds
[2026-01-24T04:42:05.993+0000] {processor.py:161} INFO - Started process (PID=1876) to work on /opt/airflow/dags/minio_to_snowflake.py
[2026-01-24T04:42:05.996+0000] {processor.py:830} INFO - Processing file /opt/airflow/dags/minio_to_snowflake.py for tasks to queue
[2026-01-24T04:42:05.997+0000] {logging_mixin.py:188} INFO - [2026-01-24T04:42:05.997+0000] {dagbag.py:545} INFO - Filling up the DagBag from /opt/airflow/dags/minio_to_snowflake.py
[2026-01-24T04:42:07.092+0000] {processor.py:840} INFO - DAG(s) 'minio_to_snowflake' retrieved from /opt/airflow/dags/minio_to_snowflake.py
[2026-01-24T04:42:07.144+0000] {logging_mixin.py:188} INFO - [2026-01-24T04:42:07.144+0000] {dag.py:3089} INFO - Sync 1 DAGs
[2026-01-24T04:42:07.169+0000] {logging_mixin.py:188} INFO - [2026-01-24T04:42:07.169+0000] {dag.py:3947} INFO - Setting next_dagrun for minio_to_snowflake to 2026-01-24 04:41:00+00:00, run_after=2026-01-24 04:42:00+00:00
[2026-01-24T04:42:07.185+0000] {processor.py:183} INFO - Processing /opt/airflow/dags/minio_to_snowflake.py took 1.208 seconds
[2026-01-24T04:42:37.500+0000] {processor.py:161} INFO - Started process (PID=1879) to work on /opt/airflow/dags/minio_to_snowflake.py
[2026-01-24T04:42:37.503+0000] {processor.py:830} INFO - Processing file /opt/airflow/dags/minio_to_snowflake.py for tasks to queue
[2026-01-24T04:42:37.506+0000] {logging_mixin.py:188} INFO - [2026-01-24T04:42:37.504+0000] {dagbag.py:545} INFO - Filling up the DagBag from /opt/airflow/dags/minio_to_snowflake.py
[2026-01-24T04:42:38.504+0000] {processor.py:840} INFO - DAG(s) 'minio_to_snowflake' retrieved from /opt/airflow/dags/minio_to_snowflake.py
[2026-01-24T04:42:38.546+0000] {logging_mixin.py:188} INFO - [2026-01-24T04:42:38.545+0000] {dag.py:3089} INFO - Sync 1 DAGs
[2026-01-24T04:42:38.563+0000] {logging_mixin.py:188} INFO - [2026-01-24T04:42:38.563+0000] {dag.py:3947} INFO - Setting next_dagrun for minio_to_snowflake to 2026-01-24 04:41:00+00:00, run_after=2026-01-24 04:42:00+00:00
[2026-01-24T04:42:38.575+0000] {processor.py:183} INFO - Processing /opt/airflow/dags/minio_to_snowflake.py took 1.093 seconds
[2026-01-24T04:43:09.002+0000] {processor.py:161} INFO - Started process (PID=1882) to work on /opt/airflow/dags/minio_to_snowflake.py
[2026-01-24T04:43:09.005+0000] {processor.py:830} INFO - Processing file /opt/airflow/dags/minio_to_snowflake.py for tasks to queue
[2026-01-24T04:43:09.007+0000] {logging_mixin.py:188} INFO - [2026-01-24T04:43:09.006+0000] {dagbag.py:545} INFO - Filling up the DagBag from /opt/airflow/dags/minio_to_snowflake.py
[2026-01-24T04:43:10.329+0000] {processor.py:840} INFO - DAG(s) 'minio_to_snowflake' retrieved from /opt/airflow/dags/minio_to_snowflake.py
[2026-01-24T04:43:10.396+0000] {logging_mixin.py:188} INFO - [2026-01-24T04:43:10.395+0000] {dag.py:3089} INFO - Sync 1 DAGs
[2026-01-24T04:43:10.429+0000] {logging_mixin.py:188} INFO - [2026-01-24T04:43:10.429+0000] {dag.py:3947} INFO - Setting next_dagrun for minio_to_snowflake to 2026-01-24 04:42:00+00:00, run_after=2026-01-24 04:43:00+00:00
[2026-01-24T04:43:10.451+0000] {processor.py:183} INFO - Processing /opt/airflow/dags/minio_to_snowflake.py took 1.470 seconds
[2026-01-24T04:43:40.813+0000] {processor.py:161} INFO - Started process (PID=1885) to work on /opt/airflow/dags/minio_to_snowflake.py
[2026-01-24T04:43:40.816+0000] {processor.py:830} INFO - Processing file /opt/airflow/dags/minio_to_snowflake.py for tasks to queue
[2026-01-24T04:43:40.818+0000] {logging_mixin.py:188} INFO - [2026-01-24T04:43:40.817+0000] {dagbag.py:545} INFO - Filling up the DagBag from /opt/airflow/dags/minio_to_snowflake.py
[2026-01-24T04:43:41.772+0000] {processor.py:840} INFO - DAG(s) 'minio_to_snowflake' retrieved from /opt/airflow/dags/minio_to_snowflake.py
[2026-01-24T04:43:41.803+0000] {logging_mixin.py:188} INFO - [2026-01-24T04:43:41.803+0000] {dag.py:3089} INFO - Sync 1 DAGs
[2026-01-24T04:43:41.824+0000] {logging_mixin.py:188} INFO - [2026-01-24T04:43:41.824+0000] {dag.py:3947} INFO - Setting next_dagrun for minio_to_snowflake to 2026-01-24 04:42:00+00:00, run_after=2026-01-24 04:43:00+00:00
[2026-01-24T04:43:41.836+0000] {processor.py:183} INFO - Processing /opt/airflow/dags/minio_to_snowflake.py took 1.055 seconds
[2026-01-24T04:44:12.269+0000] {processor.py:161} INFO - Started process (PID=1888) to work on /opt/airflow/dags/minio_to_snowflake.py
[2026-01-24T04:44:12.274+0000] {processor.py:830} INFO - Processing file /opt/airflow/dags/minio_to_snowflake.py for tasks to queue
[2026-01-24T04:44:12.278+0000] {logging_mixin.py:188} INFO - [2026-01-24T04:44:12.277+0000] {dagbag.py:545} INFO - Filling up the DagBag from /opt/airflow/dags/minio_to_snowflake.py
[2026-01-24T04:44:13.340+0000] {processor.py:840} INFO - DAG(s) 'minio_to_snowflake' retrieved from /opt/airflow/dags/minio_to_snowflake.py
[2026-01-24T04:44:13.385+0000] {logging_mixin.py:188} INFO - [2026-01-24T04:44:13.384+0000] {dag.py:3089} INFO - Sync 1 DAGs
[2026-01-24T04:44:13.408+0000] {logging_mixin.py:188} INFO - [2026-01-24T04:44:13.407+0000] {dag.py:3947} INFO - Setting next_dagrun for minio_to_snowflake to 2026-01-24 04:43:00+00:00, run_after=2026-01-24 04:44:00+00:00
[2026-01-24T04:44:13.422+0000] {processor.py:183} INFO - Processing /opt/airflow/dags/minio_to_snowflake.py took 1.177 seconds
[2026-01-24T04:44:43.675+0000] {processor.py:161} INFO - Started process (PID=1891) to work on /opt/airflow/dags/minio_to_snowflake.py
[2026-01-24T04:44:43.687+0000] {processor.py:830} INFO - Processing file /opt/airflow/dags/minio_to_snowflake.py for tasks to queue
[2026-01-24T04:44:43.691+0000] {logging_mixin.py:188} INFO - [2026-01-24T04:44:43.689+0000] {dagbag.py:545} INFO - Filling up the DagBag from /opt/airflow/dags/minio_to_snowflake.py
[2026-01-24T04:44:44.638+0000] {processor.py:840} INFO - DAG(s) 'minio_to_snowflake' retrieved from /opt/airflow/dags/minio_to_snowflake.py
[2026-01-24T04:44:44.673+0000] {logging_mixin.py:188} INFO - [2026-01-24T04:44:44.672+0000] {dag.py:3089} INFO - Sync 1 DAGs
[2026-01-24T04:44:44.692+0000] {logging_mixin.py:188} INFO - [2026-01-24T04:44:44.691+0000] {dag.py:3947} INFO - Setting next_dagrun for minio_to_snowflake to 2026-01-24 04:43:00+00:00, run_after=2026-01-24 04:44:00+00:00
[2026-01-24T04:44:44.704+0000] {processor.py:183} INFO - Processing /opt/airflow/dags/minio_to_snowflake.py took 1.070 seconds
[2026-01-24T04:45:15.170+0000] {processor.py:161} INFO - Started process (PID=1894) to work on /opt/airflow/dags/minio_to_snowflake.py
[2026-01-24T04:45:15.173+0000] {processor.py:830} INFO - Processing file /opt/airflow/dags/minio_to_snowflake.py for tasks to queue
[2026-01-24T04:45:15.175+0000] {logging_mixin.py:188} INFO - [2026-01-24T04:45:15.174+0000] {dagbag.py:545} INFO - Filling up the DagBag from /opt/airflow/dags/minio_to_snowflake.py
[2026-01-24T04:45:16.064+0000] {processor.py:840} INFO - DAG(s) 'minio_to_snowflake' retrieved from /opt/airflow/dags/minio_to_snowflake.py
[2026-01-24T04:45:16.097+0000] {logging_mixin.py:188} INFO - [2026-01-24T04:45:16.097+0000] {dag.py:3089} INFO - Sync 1 DAGs
[2026-01-24T04:45:16.115+0000] {logging_mixin.py:188} INFO - [2026-01-24T04:45:16.115+0000] {dag.py:3947} INFO - Setting next_dagrun for minio_to_snowflake to 2026-01-24 04:44:00+00:00, run_after=2026-01-24 04:45:00+00:00
[2026-01-24T04:45:16.128+0000] {processor.py:183} INFO - Processing /opt/airflow/dags/minio_to_snowflake.py took 0.979 seconds
[2026-01-24T04:45:46.583+0000] {processor.py:161} INFO - Started process (PID=1897) to work on /opt/airflow/dags/minio_to_snowflake.py
[2026-01-24T04:45:46.587+0000] {processor.py:830} INFO - Processing file /opt/airflow/dags/minio_to_snowflake.py for tasks to queue
[2026-01-24T04:45:46.589+0000] {logging_mixin.py:188} INFO - [2026-01-24T04:45:46.588+0000] {dagbag.py:545} INFO - Filling up the DagBag from /opt/airflow/dags/minio_to_snowflake.py
[2026-01-24T04:45:47.670+0000] {processor.py:840} INFO - DAG(s) 'minio_to_snowflake' retrieved from /opt/airflow/dags/minio_to_snowflake.py
[2026-01-24T04:45:47.704+0000] {logging_mixin.py:188} INFO - [2026-01-24T04:45:47.703+0000] {dag.py:3089} INFO - Sync 1 DAGs
[2026-01-24T04:45:47.721+0000] {logging_mixin.py:188} INFO - [2026-01-24T04:45:47.721+0000] {dag.py:3947} INFO - Setting next_dagrun for minio_to_snowflake to 2026-01-24 04:44:00+00:00, run_after=2026-01-24 04:45:00+00:00
[2026-01-24T04:45:47.733+0000] {processor.py:183} INFO - Processing /opt/airflow/dags/minio_to_snowflake.py took 1.185 seconds
[2026-01-24T04:46:17.878+0000] {processor.py:161} INFO - Started process (PID=1900) to work on /opt/airflow/dags/minio_to_snowflake.py
[2026-01-24T04:46:17.881+0000] {processor.py:830} INFO - Processing file /opt/airflow/dags/minio_to_snowflake.py for tasks to queue
[2026-01-24T04:46:17.883+0000] {logging_mixin.py:188} INFO - [2026-01-24T04:46:17.883+0000] {dagbag.py:545} INFO - Filling up the DagBag from /opt/airflow/dags/minio_to_snowflake.py
[2026-01-24T04:46:18.890+0000] {processor.py:840} INFO - DAG(s) 'minio_to_snowflake' retrieved from /opt/airflow/dags/minio_to_snowflake.py
[2026-01-24T04:46:18.933+0000] {logging_mixin.py:188} INFO - [2026-01-24T04:46:18.933+0000] {dag.py:3089} INFO - Sync 1 DAGs
[2026-01-24T04:46:18.950+0000] {logging_mixin.py:188} INFO - [2026-01-24T04:46:18.950+0000] {dag.py:3947} INFO - Setting next_dagrun for minio_to_snowflake to 2026-01-24 04:45:00+00:00, run_after=2026-01-24 04:46:00+00:00
[2026-01-24T04:46:18.964+0000] {processor.py:183} INFO - Processing /opt/airflow/dags/minio_to_snowflake.py took 1.104 seconds
[2026-01-24T04:46:49.208+0000] {processor.py:161} INFO - Started process (PID=1903) to work on /opt/airflow/dags/minio_to_snowflake.py
[2026-01-24T04:46:49.211+0000] {processor.py:830} INFO - Processing file /opt/airflow/dags/minio_to_snowflake.py for tasks to queue
[2026-01-24T04:46:49.216+0000] {logging_mixin.py:188} INFO - [2026-01-24T04:46:49.212+0000] {dagbag.py:545} INFO - Filling up the DagBag from /opt/airflow/dags/minio_to_snowflake.py
[2026-01-24T04:46:50.170+0000] {processor.py:840} INFO - DAG(s) 'minio_to_snowflake' retrieved from /opt/airflow/dags/minio_to_snowflake.py
[2026-01-24T04:46:50.214+0000] {logging_mixin.py:188} INFO - [2026-01-24T04:46:50.214+0000] {dag.py:3089} INFO - Sync 1 DAGs
[2026-01-24T04:46:50.235+0000] {logging_mixin.py:188} INFO - [2026-01-24T04:46:50.234+0000] {dag.py:3947} INFO - Setting next_dagrun for minio_to_snowflake to 2026-01-24 04:45:00+00:00, run_after=2026-01-24 04:46:00+00:00
[2026-01-24T04:46:50.251+0000] {processor.py:183} INFO - Processing /opt/airflow/dags/minio_to_snowflake.py took 1.053 seconds
[2026-01-24T04:47:20.792+0000] {processor.py:161} INFO - Started process (PID=1906) to work on /opt/airflow/dags/minio_to_snowflake.py
[2026-01-24T04:47:20.794+0000] {processor.py:830} INFO - Processing file /opt/airflow/dags/minio_to_snowflake.py for tasks to queue
[2026-01-24T04:47:20.796+0000] {logging_mixin.py:188} INFO - [2026-01-24T04:47:20.795+0000] {dagbag.py:545} INFO - Filling up the DagBag from /opt/airflow/dags/minio_to_snowflake.py
[2026-01-24T04:47:22.040+0000] {processor.py:840} INFO - DAG(s) 'minio_to_snowflake' retrieved from /opt/airflow/dags/minio_to_snowflake.py
[2026-01-24T04:47:22.096+0000] {logging_mixin.py:188} INFO - [2026-01-24T04:47:22.090+0000] {dag.py:3089} INFO - Sync 1 DAGs
[2026-01-24T04:47:22.148+0000] {logging_mixin.py:188} INFO - [2026-01-24T04:47:22.147+0000] {dag.py:3947} INFO - Setting next_dagrun for minio_to_snowflake to 2026-01-24 04:46:00+00:00, run_after=2026-01-24 04:47:00+00:00
[2026-01-24T04:47:22.171+0000] {processor.py:183} INFO - Processing /opt/airflow/dags/minio_to_snowflake.py took 1.393 seconds
[2026-01-24T04:47:52.653+0000] {processor.py:161} INFO - Started process (PID=1909) to work on /opt/airflow/dags/minio_to_snowflake.py
[2026-01-24T04:47:52.654+0000] {processor.py:830} INFO - Processing file /opt/airflow/dags/minio_to_snowflake.py for tasks to queue
[2026-01-24T04:47:52.656+0000] {logging_mixin.py:188} INFO - [2026-01-24T04:47:52.655+0000] {dagbag.py:545} INFO - Filling up the DagBag from /opt/airflow/dags/minio_to_snowflake.py
[2026-01-24T04:47:53.731+0000] {processor.py:840} INFO - DAG(s) 'minio_to_snowflake' retrieved from /opt/airflow/dags/minio_to_snowflake.py
[2026-01-24T04:47:53.767+0000] {logging_mixin.py:188} INFO - [2026-01-24T04:47:53.766+0000] {dag.py:3089} INFO - Sync 1 DAGs
[2026-01-24T04:47:53.789+0000] {logging_mixin.py:188} INFO - [2026-01-24T04:47:53.789+0000] {dag.py:3947} INFO - Setting next_dagrun for minio_to_snowflake to 2026-01-24 04:46:00+00:00, run_after=2026-01-24 04:47:00+00:00
[2026-01-24T04:47:53.804+0000] {processor.py:183} INFO - Processing /opt/airflow/dags/minio_to_snowflake.py took 1.174 seconds
