[2026-01-24T19:07:03.410+0000] {local_task_job_runner.py:120} INFO - ::group::Pre task execution logs
[2026-01-24T19:07:03.441+0000] {taskinstance.py:2076} INFO - Dependencies all met for dep_context=non-requeueable deps ti=<TaskInstance: minio_to_snowflake.download_minio scheduled__2026-01-24T19:05:00+00:00 [queued]>
[2026-01-24T19:07:03.447+0000] {taskinstance.py:2076} INFO - Dependencies all met for dep_context=requeueable deps ti=<TaskInstance: minio_to_snowflake.download_minio scheduled__2026-01-24T19:05:00+00:00 [queued]>
[2026-01-24T19:07:03.448+0000] {taskinstance.py:2306} INFO - Starting attempt 1 of 2
[2026-01-24T19:07:03.464+0000] {taskinstance.py:2330} INFO - Executing <Task(PythonOperator): download_minio> on 2026-01-24 19:05:00+00:00
[2026-01-24T19:07:03.484+0000] {standard_task_runner.py:90} INFO - Running: ['***', 'tasks', 'run', 'minio_to_snowflake', 'download_minio', 'scheduled__2026-01-24T19:05:00+00:00', '--job-id', '12', '--raw', '--subdir', 'DAGS_FOLDER/minio_to_snowflake.py', '--cfg-path', '/tmp/tmpy2t1hs0g']
[2026-01-24T19:07:03.492+0000] {logging_mixin.py:188} WARNING - /home/***/.local/lib/python3.12/site-packages/***/task/task_runner/standard_task_runner.py:62 DeprecationWarning: This process (pid=967) is multi-threaded, use of fork() may lead to deadlocks in the child.
[2026-01-24T19:07:03.493+0000] {standard_task_runner.py:91} INFO - Job 12: Subtask download_minio
[2026-01-24T19:07:03.493+0000] {standard_task_runner.py:64} INFO - Started process 977 to run task
[2026-01-24T19:07:03.567+0000] {task_command.py:426} INFO - Running <TaskInstance: minio_to_snowflake.download_minio scheduled__2026-01-24T19:05:00+00:00 [running]> on host a80bed76b455
[2026-01-24T19:07:03.657+0000] {taskinstance.py:2648} INFO - Exporting env vars: AIRFLOW_CTX_DAG_OWNER='***' AIRFLOW_CTX_DAG_ID='minio_to_snowflake' AIRFLOW_CTX_TASK_ID='download_minio' AIRFLOW_CTX_EXECUTION_DATE='2026-01-24T19:05:00+00:00' AIRFLOW_CTX_TRY_NUMBER='1' AIRFLOW_CTX_DAG_RUN_ID='scheduled__2026-01-24T19:05:00+00:00'
[2026-01-24T19:07:03.659+0000] {taskinstance.py:430} INFO - ::endgroup::
[2026-01-24T19:07:04.110+0000] {logging_mixin.py:188} INFO - Downloaded TSLA/1769235272.json -> /tmp/minio_downloads/1769235272.json
[2026-01-24T19:07:04.116+0000] {logging_mixin.py:188} INFO - Downloaded TSLA/1769235283.json -> /tmp/minio_downloads/1769235283.json
[2026-01-24T19:07:04.121+0000] {logging_mixin.py:188} INFO - Downloaded TSLA/1769248266.json -> /tmp/minio_downloads/1769248266.json
[2026-01-24T19:07:04.126+0000] {logging_mixin.py:188} INFO - Downloaded TSLA/1769248277.json -> /tmp/minio_downloads/1769248277.json
[2026-01-24T19:07:04.131+0000] {logging_mixin.py:188} INFO - Downloaded TSLA/1769248296.json -> /tmp/minio_downloads/1769248296.json
[2026-01-24T19:07:04.137+0000] {logging_mixin.py:188} INFO - Downloaded TSLA/1769248308.json -> /tmp/minio_downloads/1769248308.json
[2026-01-24T19:07:04.144+0000] {logging_mixin.py:188} INFO - Downloaded TSLA/1769248321.json -> /tmp/minio_downloads/1769248321.json
[2026-01-24T19:07:04.149+0000] {logging_mixin.py:188} INFO - Downloaded TSLA/1769248331.json -> /tmp/minio_downloads/1769248331.json
[2026-01-24T19:07:04.155+0000] {logging_mixin.py:188} INFO - Downloaded TSLA/1769248341.json -> /tmp/minio_downloads/1769248341.json
[2026-01-24T19:07:04.160+0000] {logging_mixin.py:188} INFO - Downloaded TSLA/1769248356.json -> /tmp/minio_downloads/1769248356.json
[2026-01-24T19:07:04.165+0000] {logging_mixin.py:188} INFO - Downloaded TSLA/1769248369.json -> /tmp/minio_downloads/1769248369.json
[2026-01-24T19:07:04.170+0000] {logging_mixin.py:188} INFO - Downloaded TSLA/1769248383.json -> /tmp/minio_downloads/1769248383.json
[2026-01-24T19:07:04.175+0000] {logging_mixin.py:188} INFO - Downloaded TSLA/1769248395.json -> /tmp/minio_downloads/1769248395.json
[2026-01-24T19:07:04.175+0000] {python.py:237} INFO - Done. Returned value was: [('TSLA/1769235272.json', '/tmp/minio_downloads/1769235272.json'), ('TSLA/1769235283.json', '/tmp/minio_downloads/1769235283.json'), ('TSLA/1769248266.json', '/tmp/minio_downloads/1769248266.json'), ('TSLA/1769248277.json', '/tmp/minio_downloads/1769248277.json'), ('TSLA/1769248296.json', '/tmp/minio_downloads/1769248296.json'), ('TSLA/1769248308.json', '/tmp/minio_downloads/1769248308.json'), ('TSLA/1769248321.json', '/tmp/minio_downloads/1769248321.json'), ('TSLA/1769248331.json', '/tmp/minio_downloads/1769248331.json'), ('TSLA/1769248341.json', '/tmp/minio_downloads/1769248341.json'), ('TSLA/1769248356.json', '/tmp/minio_downloads/1769248356.json'), ('TSLA/1769248369.json', '/tmp/minio_downloads/1769248369.json'), ('TSLA/1769248383.json', '/tmp/minio_downloads/1769248383.json'), ('TSLA/1769248395.json', '/tmp/minio_downloads/1769248395.json')]
[2026-01-24T19:07:04.176+0000] {taskinstance.py:441} INFO - ::group::Post task execution logs
[2026-01-24T19:07:04.200+0000] {taskinstance.py:1206} INFO - Marking task as SUCCESS. dag_id=minio_to_snowflake, task_id=download_minio, run_id=scheduled__2026-01-24T19:05:00+00:00, execution_date=20260124T190500, start_date=20260124T190703, end_date=20260124T190704
[2026-01-24T19:07:04.251+0000] {local_task_job_runner.py:243} INFO - Task exited with return code 0
[2026-01-24T19:07:04.271+0000] {taskinstance.py:3503} INFO - 1 downstream tasks scheduled from follow-on schedule check
[2026-01-24T19:07:04.272+0000] {local_task_job_runner.py:222} INFO - ::endgroup::
