[2026-01-24T19:05:58.905+0000] {local_task_job_runner.py:120} INFO - ::group::Pre task execution logs
[2026-01-24T19:05:58.937+0000] {taskinstance.py:2076} INFO - Dependencies all met for dep_context=non-requeueable deps ti=<TaskInstance: minio_to_snowflake.download_minio scheduled__2026-01-24T19:04:00+00:00 [queued]>
[2026-01-24T19:05:58.943+0000] {taskinstance.py:2076} INFO - Dependencies all met for dep_context=requeueable deps ti=<TaskInstance: minio_to_snowflake.download_minio scheduled__2026-01-24T19:04:00+00:00 [queued]>
[2026-01-24T19:05:58.944+0000] {taskinstance.py:2306} INFO - Starting attempt 1 of 2
[2026-01-24T19:05:58.959+0000] {taskinstance.py:2330} INFO - Executing <Task(PythonOperator): download_minio> on 2026-01-24 19:04:00+00:00
[2026-01-24T19:05:58.982+0000] {logging_mixin.py:188} WARNING - /home/***/.local/lib/python3.12/site-packages/***/task/task_runner/standard_task_runner.py:62 DeprecationWarning: This process (pid=804) is multi-threaded, use of fork() may lead to deadlocks in the child.
[2026-01-24T19:05:58.973+0000] {standard_task_runner.py:90} INFO - Running: ['***', 'tasks', 'run', 'minio_to_snowflake', 'download_minio', 'scheduled__2026-01-24T19:04:00+00:00', '--job-id', '10', '--raw', '--subdir', 'DAGS_FOLDER/minio_to_snowflake.py', '--cfg-path', '/tmp/tmpjxxd0x7b']
[2026-01-24T19:05:58.984+0000] {standard_task_runner.py:91} INFO - Job 10: Subtask download_minio
[2026-01-24T19:05:58.984+0000] {standard_task_runner.py:64} INFO - Started process 814 to run task
[2026-01-24T19:05:59.319+0000] {task_command.py:426} INFO - Running <TaskInstance: minio_to_snowflake.download_minio scheduled__2026-01-24T19:04:00+00:00 [running]> on host a80bed76b455
[2026-01-24T19:05:59.514+0000] {taskinstance.py:2648} INFO - Exporting env vars: AIRFLOW_CTX_DAG_OWNER='***' AIRFLOW_CTX_DAG_ID='minio_to_snowflake' AIRFLOW_CTX_TASK_ID='download_minio' AIRFLOW_CTX_EXECUTION_DATE='2026-01-24T19:04:00+00:00' AIRFLOW_CTX_TRY_NUMBER='1' AIRFLOW_CTX_DAG_RUN_ID='scheduled__2026-01-24T19:04:00+00:00'
[2026-01-24T19:05:59.519+0000] {taskinstance.py:430} INFO - ::endgroup::
[2026-01-24T19:06:01.568+0000] {logging_mixin.py:188} INFO - Downloaded GOOGL/1769235248.json -> /tmp/minio_downloads/1769235248.json
[2026-01-24T19:06:01.577+0000] {logging_mixin.py:188} INFO - Downloaded GOOGL/1769235262.json -> /tmp/minio_downloads/1769235262.json
[2026-01-24T19:06:01.585+0000] {logging_mixin.py:188} INFO - Downloaded GOOGL/1769235272.json -> /tmp/minio_downloads/1769235272.json
[2026-01-24T19:06:01.592+0000] {logging_mixin.py:188} INFO - Downloaded GOOGL/1769235286.json -> /tmp/minio_downloads/1769235286.json
[2026-01-24T19:06:01.597+0000] {logging_mixin.py:188} INFO - Downloaded GOOGL/1769248267.json -> /tmp/minio_downloads/1769248267.json
[2026-01-24T19:06:01.603+0000] {logging_mixin.py:188} INFO - Downloaded GOOGL/1769248278.json -> /tmp/minio_downloads/1769248278.json
[2026-01-24T19:06:01.609+0000] {logging_mixin.py:188} INFO - Downloaded GOOGL/1769248297.json -> /tmp/minio_downloads/1769248297.json
[2026-01-24T19:06:01.617+0000] {logging_mixin.py:188} INFO - Downloaded GOOGL/1769248309.json -> /tmp/minio_downloads/1769248309.json
[2026-01-24T19:06:01.625+0000] {logging_mixin.py:188} INFO - Downloaded GOOGL/1769248321.json -> /tmp/minio_downloads/1769248321.json
[2026-01-24T19:06:01.631+0000] {logging_mixin.py:188} INFO - Downloaded GOOGL/1769248332.json -> /tmp/minio_downloads/1769248332.json
[2026-01-24T19:06:01.641+0000] {logging_mixin.py:188} INFO - Downloaded GOOGL/1769248342.json -> /tmp/minio_downloads/1769248342.json
[2026-01-24T19:06:01.646+0000] {logging_mixin.py:188} INFO - Downloaded GOOGL/1769248356.json -> /tmp/minio_downloads/1769248356.json
[2026-01-24T19:06:01.653+0000] {logging_mixin.py:188} INFO - Downloaded GOOGL/1769248370.json -> /tmp/minio_downloads/1769248370.json
[2026-01-24T19:06:01.659+0000] {logging_mixin.py:188} INFO - Downloaded GOOGL/1769248384.json -> /tmp/minio_downloads/1769248384.json
[2026-01-24T19:06:01.664+0000] {logging_mixin.py:188} INFO - Downloaded MSFT/1769235245.json -> /tmp/minio_downloads/1769235245.json
[2026-01-24T19:06:01.671+0000] {logging_mixin.py:188} INFO - Downloaded MSFT/1769235256.json -> /tmp/minio_downloads/1769235256.json
[2026-01-24T19:06:01.676+0000] {logging_mixin.py:188} INFO - Downloaded MSFT/1769235271.json -> /tmp/minio_downloads/1769235271.json
[2026-01-24T19:06:01.681+0000] {logging_mixin.py:188} INFO - Downloaded MSFT/1769235281.json -> /tmp/minio_downloads/1769235281.json
[2026-01-24T19:06:01.687+0000] {logging_mixin.py:188} INFO - Downloaded MSFT/1769235295.json -> /tmp/minio_downloads/1769235295.json
[2026-01-24T19:06:01.692+0000] {logging_mixin.py:188} INFO - Downloaded MSFT/1769248264.json -> /tmp/minio_downloads/1769248264.json
[2026-01-24T19:06:01.697+0000] {logging_mixin.py:188} INFO - Downloaded MSFT/1769248276.json -> /tmp/minio_downloads/1769248276.json
[2026-01-24T19:06:01.703+0000] {logging_mixin.py:188} INFO - Downloaded MSFT/1769248291.json -> /tmp/minio_downloads/1769248291.json
[2026-01-24T19:06:01.708+0000] {logging_mixin.py:188} INFO - Downloaded MSFT/1769248306.json -> /tmp/minio_downloads/1769248306.json
[2026-01-24T19:06:01.713+0000] {logging_mixin.py:188} INFO - Downloaded MSFT/1769248320.json -> /tmp/minio_downloads/1769248320.json
[2026-01-24T19:06:01.718+0000] {logging_mixin.py:188} INFO - Downloaded MSFT/1769248330.json -> /tmp/minio_downloads/1769248330.json
[2026-01-24T19:06:01.724+0000] {logging_mixin.py:188} INFO - Downloaded MSFT/1769248340.json -> /tmp/minio_downloads/1769248340.json
[2026-01-24T19:06:01.730+0000] {logging_mixin.py:188} INFO - Downloaded MSFT/1769248355.json -> /tmp/minio_downloads/1769248355.json
[2026-01-24T19:06:01.737+0000] {logging_mixin.py:188} INFO - Downloaded MSFT/1769248368.json -> /tmp/minio_downloads/1769248368.json
[2026-01-24T19:06:01.744+0000] {logging_mixin.py:188} INFO - Downloaded MSFT/1769248381.json -> /tmp/minio_downloads/1769248381.json
[2026-01-24T19:06:01.751+0000] {logging_mixin.py:188} INFO - Downloaded MSFT/1769248394.json -> /tmp/minio_downloads/1769248394.json
[2026-01-24T19:06:01.756+0000] {logging_mixin.py:188} INFO - Downloaded TSLA/1769235247.json -> /tmp/minio_downloads/1769235247.json
[2026-01-24T19:06:01.761+0000] {logging_mixin.py:188} INFO - Downloaded TSLA/1769235258.json -> /tmp/minio_downloads/1769235258.json
[2026-01-24T19:06:01.767+0000] {logging_mixin.py:188} INFO - Downloaded TSLA/1769235272.json -> /tmp/minio_downloads/1769235272.json
[2026-01-24T19:06:01.772+0000] {logging_mixin.py:188} INFO - Downloaded TSLA/1769235283.json -> /tmp/minio_downloads/1769235283.json
[2026-01-24T19:06:01.777+0000] {logging_mixin.py:188} INFO - Downloaded TSLA/1769248266.json -> /tmp/minio_downloads/1769248266.json
[2026-01-24T19:06:01.784+0000] {logging_mixin.py:188} INFO - Downloaded TSLA/1769248277.json -> /tmp/minio_downloads/1769248277.json
[2026-01-24T19:06:01.793+0000] {logging_mixin.py:188} INFO - Downloaded TSLA/1769248296.json -> /tmp/minio_downloads/1769248296.json
[2026-01-24T19:06:01.799+0000] {logging_mixin.py:188} INFO - Downloaded TSLA/1769248308.json -> /tmp/minio_downloads/1769248308.json
[2026-01-24T19:06:01.806+0000] {logging_mixin.py:188} INFO - Downloaded TSLA/1769248321.json -> /tmp/minio_downloads/1769248321.json
[2026-01-24T19:06:01.811+0000] {logging_mixin.py:188} INFO - Downloaded TSLA/1769248331.json -> /tmp/minio_downloads/1769248331.json
[2026-01-24T19:06:01.816+0000] {logging_mixin.py:188} INFO - Downloaded TSLA/1769248341.json -> /tmp/minio_downloads/1769248341.json
[2026-01-24T19:06:01.822+0000] {logging_mixin.py:188} INFO - Downloaded TSLA/1769248356.json -> /tmp/minio_downloads/1769248356.json
[2026-01-24T19:06:01.826+0000] {logging_mixin.py:188} INFO - Downloaded TSLA/1769248369.json -> /tmp/minio_downloads/1769248369.json
[2026-01-24T19:06:01.831+0000] {logging_mixin.py:188} INFO - Downloaded TSLA/1769248383.json -> /tmp/minio_downloads/1769248383.json
[2026-01-24T19:06:01.836+0000] {logging_mixin.py:188} INFO - Downloaded TSLA/1769248395.json -> /tmp/minio_downloads/1769248395.json
[2026-01-24T19:06:01.837+0000] {python.py:237} INFO - Done. Returned value was: [('GOOGL/1769235248.json', '/tmp/minio_downloads/1769235248.json'), ('GOOGL/1769235262.json', '/tmp/minio_downloads/1769235262.json'), ('GOOGL/1769235272.json', '/tmp/minio_downloads/1769235272.json'), ('GOOGL/1769235286.json', '/tmp/minio_downloads/1769235286.json'), ('GOOGL/1769248267.json', '/tmp/minio_downloads/1769248267.json'), ('GOOGL/1769248278.json', '/tmp/minio_downloads/1769248278.json'), ('GOOGL/1769248297.json', '/tmp/minio_downloads/1769248297.json'), ('GOOGL/1769248309.json', '/tmp/minio_downloads/1769248309.json'), ('GOOGL/1769248321.json', '/tmp/minio_downloads/1769248321.json'), ('GOOGL/1769248332.json', '/tmp/minio_downloads/1769248332.json'), ('GOOGL/1769248342.json', '/tmp/minio_downloads/1769248342.json'), ('GOOGL/1769248356.json', '/tmp/minio_downloads/1769248356.json'), ('GOOGL/1769248370.json', '/tmp/minio_downloads/1769248370.json'), ('GOOGL/1769248384.json', '/tmp/minio_downloads/1769248384.json'), ('MSFT/1769235245.json', '/tmp/minio_downloads/1769235245.json'), ('MSFT/1769235256.json', '/tmp/minio_downloads/1769235256.json'), ('MSFT/1769235271.json', '/tmp/minio_downloads/1769235271.json'), ('MSFT/1769235281.json', '/tmp/minio_downloads/1769235281.json'), ('MSFT/1769235295.json', '/tmp/minio_downloads/1769235295.json'), ('MSFT/1769248264.json', '/tmp/minio_downloads/1769248264.json'), ('MSFT/1769248276.json', '/tmp/minio_downloads/1769248276.json'), ('MSFT/1769248291.json', '/tmp/minio_downloads/1769248291.json'), ('MSFT/1769248306.json', '/tmp/minio_downloads/1769248306.json'), ('MSFT/1769248320.json', '/tmp/minio_downloads/1769248320.json'), ('MSFT/1769248330.json', '/tmp/minio_downloads/1769248330.json'), ('MSFT/1769248340.json', '/tmp/minio_downloads/1769248340.json'), ('MSFT/1769248355.json', '/tmp/minio_downloads/1769248355.json'), ('MSFT/1769248368.json', '/tmp/minio_downloads/1769248368.json'), ('MSFT/1769248381.json', '/tmp/minio_downloads/1769248381.json'), ('MSFT/1769248394.json', '/tmp/minio_downloads/1769248394.json'), ('TSLA/1769235247.json', '/tmp/minio_downloads/1769235247.json'), ('TSLA/1769235258.json', '/tmp/minio_downloads/1769235258.json'), ('TSLA/1769235272.json', '/tmp/minio_downloads/1769235272.json'), ('TSLA/1769235283.json', '/tmp/minio_downloads/1769235283.json'), ('TSLA/1769248266.json', '/tmp/minio_downloads/1769248266.json'), ('TSLA/1769248277.json', '/tmp/minio_downloads/1769248277.json'), ('TSLA/1769248296.json', '/tmp/minio_downloads/1769248296.json'), ('TSLA/1769248308.json', '/tmp/minio_downloads/1769248308.json'), ('TSLA/1769248321.json', '/tmp/minio_downloads/1769248321.json'), ('TSLA/1769248331.json', '/tmp/minio_downloads/1769248331.json'), ('TSLA/1769248341.json', '/tmp/minio_downloads/1769248341.json'), ('TSLA/1769248356.json', '/tmp/minio_downloads/1769248356.json'), ('TSLA/1769248369.json', '/tmp/minio_downloads/1769248369.json'), ('TSLA/1769248383.json', '/tmp/minio_downloads/1769248383.json'), ('TSLA/1769248395.json', '/tmp/minio_downloads/1769248395.json')]
[2026-01-24T19:06:01.838+0000] {taskinstance.py:441} INFO - ::group::Post task execution logs
[2026-01-24T19:06:01.880+0000] {taskinstance.py:1206} INFO - Marking task as SUCCESS. dag_id=minio_to_snowflake, task_id=download_minio, run_id=scheduled__2026-01-24T19:04:00+00:00, execution_date=20260124T190400, start_date=20260124T190558, end_date=20260124T190601
[2026-01-24T19:06:01.934+0000] {local_task_job_runner.py:243} INFO - Task exited with return code 0
[2026-01-24T19:06:01.981+0000] {taskinstance.py:3503} INFO - 1 downstream tasks scheduled from follow-on schedule check
[2026-01-24T19:06:01.983+0000] {local_task_job_runner.py:222} INFO - ::endgroup::
