[2026-01-24T19:03:17.461+0000] {local_task_job_runner.py:120} INFO - ::group::Pre task execution logs
[2026-01-24T19:03:17.505+0000] {taskinstance.py:2076} INFO - Dependencies all met for dep_context=non-requeueable deps ti=<TaskInstance: minio_to_snowflake.download_minio scheduled__2026-01-24T19:01:00+00:00 [queued]>
[2026-01-24T19:03:17.511+0000] {taskinstance.py:2076} INFO - Dependencies all met for dep_context=requeueable deps ti=<TaskInstance: minio_to_snowflake.download_minio scheduled__2026-01-24T19:01:00+00:00 [queued]>
[2026-01-24T19:03:17.512+0000] {taskinstance.py:2306} INFO - Starting attempt 1 of 2
[2026-01-24T19:03:17.522+0000] {taskinstance.py:2330} INFO - Executing <Task(PythonOperator): download_minio> on 2026-01-24 19:01:00+00:00
[2026-01-24T19:03:17.559+0000] {standard_task_runner.py:90} INFO - Running: ['***', 'tasks', 'run', 'minio_to_snowflake', 'download_minio', 'scheduled__2026-01-24T19:01:00+00:00', '--job-id', '3', '--raw', '--subdir', 'DAGS_FOLDER/minio_to_snowflake.py', '--cfg-path', '/tmp/tmp8orlobhm']
[2026-01-24T19:03:17.565+0000] {standard_task_runner.py:91} INFO - Job 3: Subtask download_minio
[2026-01-24T19:03:17.572+0000] {logging_mixin.py:188} WARNING - /home/***/.local/lib/python3.12/site-packages/***/task/task_runner/standard_task_runner.py:62 DeprecationWarning: This process (pid=28) is multi-threaded, use of fork() may lead to deadlocks in the child.
[2026-01-24T19:03:17.575+0000] {standard_task_runner.py:64} INFO - Started process 38 to run task
[2026-01-24T19:03:17.697+0000] {task_command.py:426} INFO - Running <TaskInstance: minio_to_snowflake.download_minio scheduled__2026-01-24T19:01:00+00:00 [running]> on host a80bed76b455
[2026-01-24T19:03:17.879+0000] {taskinstance.py:2648} INFO - Exporting env vars: AIRFLOW_CTX_DAG_OWNER='***' AIRFLOW_CTX_DAG_ID='minio_to_snowflake' AIRFLOW_CTX_TASK_ID='download_minio' AIRFLOW_CTX_EXECUTION_DATE='2026-01-24T19:01:00+00:00' AIRFLOW_CTX_TRY_NUMBER='1' AIRFLOW_CTX_DAG_RUN_ID='scheduled__2026-01-24T19:01:00+00:00'
[2026-01-24T19:03:17.886+0000] {taskinstance.py:430} INFO - ::endgroup::
[2026-01-24T19:03:19.137+0000] {logging_mixin.py:188} INFO - Downloaded AAPL/1769235244.json -> /tmp/minio_downloads/1769235244.json
[2026-01-24T19:03:19.145+0000] {logging_mixin.py:188} INFO - Downloaded AAPL/1769235255.json -> /tmp/minio_downloads/1769235255.json
[2026-01-24T19:03:19.151+0000] {logging_mixin.py:188} INFO - Downloaded AAPL/1769235270.json -> /tmp/minio_downloads/1769235270.json
[2026-01-24T19:03:19.157+0000] {logging_mixin.py:188} INFO - Downloaded AAPL/1769235280.json -> /tmp/minio_downloads/1769235280.json
[2026-01-24T19:03:19.161+0000] {logging_mixin.py:188} INFO - Downloaded AAPL/1769235294.json -> /tmp/minio_downloads/1769235294.json
[2026-01-24T19:03:19.166+0000] {logging_mixin.py:188} INFO - Downloaded AAPL/1769248263.json -> /tmp/minio_downloads/1769248263.json
[2026-01-24T19:03:19.171+0000] {logging_mixin.py:188} INFO - Downloaded AAPL/1769248275.json -> /tmp/minio_downloads/1769248275.json
[2026-01-24T19:03:19.175+0000] {logging_mixin.py:188} INFO - Downloaded AAPL/1769248291.json -> /tmp/minio_downloads/1769248291.json
[2026-01-24T19:03:19.179+0000] {logging_mixin.py:188} INFO - Downloaded AAPL/1769248305.json -> /tmp/minio_downloads/1769248305.json
[2026-01-24T19:03:19.186+0000] {logging_mixin.py:188} INFO - Downloaded AAPL/1769248317.json -> /tmp/minio_downloads/1769248317.json
[2026-01-24T19:03:19.191+0000] {logging_mixin.py:188} INFO - Downloaded AAPL/1769248329.json -> /tmp/minio_downloads/1769248329.json
[2026-01-24T19:03:19.195+0000] {logging_mixin.py:188} INFO - Downloaded AAPL/1769248339.json -> /tmp/minio_downloads/1769248339.json
[2026-01-24T19:03:19.201+0000] {logging_mixin.py:188} INFO - Downloaded AAPL/1769248349.json -> /tmp/minio_downloads/1769248349.json
[2026-01-24T19:03:19.207+0000] {logging_mixin.py:188} INFO - Downloaded AAPL/1769248366.json -> /tmp/minio_downloads/1769248366.json
[2026-01-24T19:03:19.212+0000] {logging_mixin.py:188} INFO - Downloaded AAPL/1769248379.json -> /tmp/minio_downloads/1769248379.json
[2026-01-24T19:03:19.217+0000] {logging_mixin.py:188} INFO - Downloaded AAPL/1769248393.json -> /tmp/minio_downloads/1769248393.json
[2026-01-24T19:03:19.225+0000] {logging_mixin.py:188} INFO - Downloaded AMZN/1769235248.json -> /tmp/minio_downloads/1769235248.json
[2026-01-24T19:03:19.231+0000] {logging_mixin.py:188} INFO - Downloaded AMZN/1769235263.json -> /tmp/minio_downloads/1769235263.json
[2026-01-24T19:03:19.237+0000] {logging_mixin.py:188} INFO - Downloaded AMZN/1769235273.json -> /tmp/minio_downloads/1769235273.json
[2026-01-24T19:03:19.242+0000] {logging_mixin.py:188} INFO - Downloaded AMZN/1769235287.json -> /tmp/minio_downloads/1769235287.json
[2026-01-24T19:03:19.250+0000] {logging_mixin.py:188} INFO - Downloaded AMZN/1769248268.json -> /tmp/minio_downloads/1769248268.json
[2026-01-24T19:03:19.255+0000] {logging_mixin.py:188} INFO - Downloaded AMZN/1769248279.json -> /tmp/minio_downloads/1769248279.json
[2026-01-24T19:03:19.260+0000] {logging_mixin.py:188} INFO - Downloaded AMZN/1769248297.json -> /tmp/minio_downloads/1769248297.json
[2026-01-24T19:03:19.265+0000] {logging_mixin.py:188} INFO - Downloaded AMZN/1769248310.json -> /tmp/minio_downloads/1769248310.json
[2026-01-24T19:03:19.270+0000] {logging_mixin.py:188} INFO - Downloaded AMZN/1769248322.json -> /tmp/minio_downloads/1769248322.json
[2026-01-24T19:03:19.274+0000] {logging_mixin.py:188} INFO - Downloaded AMZN/1769248333.json -> /tmp/minio_downloads/1769248333.json
[2026-01-24T19:03:19.278+0000] {logging_mixin.py:188} INFO - Downloaded AMZN/1769248343.json -> /tmp/minio_downloads/1769248343.json
[2026-01-24T19:03:19.283+0000] {logging_mixin.py:188} INFO - Downloaded AMZN/1769248357.json -> /tmp/minio_downloads/1769248357.json
[2026-01-24T19:03:19.288+0000] {logging_mixin.py:188} INFO - Downloaded AMZN/1769248372.json -> /tmp/minio_downloads/1769248372.json
[2026-01-24T19:03:19.292+0000] {logging_mixin.py:188} INFO - Downloaded AMZN/1769248385.json -> /tmp/minio_downloads/1769248385.json
[2026-01-24T19:03:19.299+0000] {logging_mixin.py:188} INFO - Downloaded GOOGL/1769235248.json -> /tmp/minio_downloads/1769235248.json
[2026-01-24T19:03:19.304+0000] {logging_mixin.py:188} INFO - Downloaded GOOGL/1769235262.json -> /tmp/minio_downloads/1769235262.json
[2026-01-24T19:03:19.308+0000] {logging_mixin.py:188} INFO - Downloaded GOOGL/1769235272.json -> /tmp/minio_downloads/1769235272.json
[2026-01-24T19:03:19.312+0000] {logging_mixin.py:188} INFO - Downloaded GOOGL/1769235286.json -> /tmp/minio_downloads/1769235286.json
[2026-01-24T19:03:19.319+0000] {logging_mixin.py:188} INFO - Downloaded GOOGL/1769248267.json -> /tmp/minio_downloads/1769248267.json
[2026-01-24T19:03:19.324+0000] {logging_mixin.py:188} INFO - Downloaded GOOGL/1769248278.json -> /tmp/minio_downloads/1769248278.json
[2026-01-24T19:03:19.329+0000] {logging_mixin.py:188} INFO - Downloaded GOOGL/1769248297.json -> /tmp/minio_downloads/1769248297.json
[2026-01-24T19:03:19.335+0000] {logging_mixin.py:188} INFO - Downloaded GOOGL/1769248309.json -> /tmp/minio_downloads/1769248309.json
[2026-01-24T19:03:19.339+0000] {logging_mixin.py:188} INFO - Downloaded GOOGL/1769248321.json -> /tmp/minio_downloads/1769248321.json
[2026-01-24T19:03:19.344+0000] {logging_mixin.py:188} INFO - Downloaded GOOGL/1769248332.json -> /tmp/minio_downloads/1769248332.json
[2026-01-24T19:03:19.349+0000] {logging_mixin.py:188} INFO - Downloaded GOOGL/1769248342.json -> /tmp/minio_downloads/1769248342.json
[2026-01-24T19:03:19.353+0000] {logging_mixin.py:188} INFO - Downloaded GOOGL/1769248356.json -> /tmp/minio_downloads/1769248356.json
[2026-01-24T19:03:19.357+0000] {logging_mixin.py:188} INFO - Downloaded GOOGL/1769248370.json -> /tmp/minio_downloads/1769248370.json
[2026-01-24T19:03:19.362+0000] {logging_mixin.py:188} INFO - Downloaded GOOGL/1769248384.json -> /tmp/minio_downloads/1769248384.json
[2026-01-24T19:03:19.370+0000] {logging_mixin.py:188} INFO - Downloaded MSFT/1769235245.json -> /tmp/minio_downloads/1769235245.json
[2026-01-24T19:03:19.379+0000] {logging_mixin.py:188} INFO - Downloaded MSFT/1769235256.json -> /tmp/minio_downloads/1769235256.json
[2026-01-24T19:03:19.388+0000] {logging_mixin.py:188} INFO - Downloaded MSFT/1769235271.json -> /tmp/minio_downloads/1769235271.json
[2026-01-24T19:03:19.394+0000] {logging_mixin.py:188} INFO - Downloaded MSFT/1769235281.json -> /tmp/minio_downloads/1769235281.json
[2026-01-24T19:03:19.404+0000] {logging_mixin.py:188} INFO - Downloaded MSFT/1769235295.json -> /tmp/minio_downloads/1769235295.json
[2026-01-24T19:03:19.416+0000] {logging_mixin.py:188} INFO - Downloaded MSFT/1769248264.json -> /tmp/minio_downloads/1769248264.json
[2026-01-24T19:03:19.422+0000] {logging_mixin.py:188} INFO - Downloaded MSFT/1769248276.json -> /tmp/minio_downloads/1769248276.json
[2026-01-24T19:03:19.427+0000] {logging_mixin.py:188} INFO - Downloaded MSFT/1769248291.json -> /tmp/minio_downloads/1769248291.json
[2026-01-24T19:03:19.433+0000] {logging_mixin.py:188} INFO - Downloaded MSFT/1769248306.json -> /tmp/minio_downloads/1769248306.json
[2026-01-24T19:03:19.437+0000] {logging_mixin.py:188} INFO - Downloaded MSFT/1769248320.json -> /tmp/minio_downloads/1769248320.json
[2026-01-24T19:03:19.442+0000] {logging_mixin.py:188} INFO - Downloaded MSFT/1769248330.json -> /tmp/minio_downloads/1769248330.json
[2026-01-24T19:03:19.446+0000] {logging_mixin.py:188} INFO - Downloaded MSFT/1769248340.json -> /tmp/minio_downloads/1769248340.json
[2026-01-24T19:03:19.452+0000] {logging_mixin.py:188} INFO - Downloaded MSFT/1769248355.json -> /tmp/minio_downloads/1769248355.json
[2026-01-24T19:03:19.457+0000] {logging_mixin.py:188} INFO - Downloaded MSFT/1769248368.json -> /tmp/minio_downloads/1769248368.json
[2026-01-24T19:03:19.462+0000] {logging_mixin.py:188} INFO - Downloaded MSFT/1769248381.json -> /tmp/minio_downloads/1769248381.json
[2026-01-24T19:03:19.468+0000] {logging_mixin.py:188} INFO - Downloaded MSFT/1769248394.json -> /tmp/minio_downloads/1769248394.json
[2026-01-24T19:03:19.472+0000] {logging_mixin.py:188} INFO - Downloaded TSLA/1769235247.json -> /tmp/minio_downloads/1769235247.json
[2026-01-24T19:03:19.477+0000] {logging_mixin.py:188} INFO - Downloaded TSLA/1769235258.json -> /tmp/minio_downloads/1769235258.json
[2026-01-24T19:03:19.482+0000] {logging_mixin.py:188} INFO - Downloaded TSLA/1769235272.json -> /tmp/minio_downloads/1769235272.json
[2026-01-24T19:03:19.488+0000] {logging_mixin.py:188} INFO - Downloaded TSLA/1769235283.json -> /tmp/minio_downloads/1769235283.json
[2026-01-24T19:03:19.492+0000] {logging_mixin.py:188} INFO - Downloaded TSLA/1769248266.json -> /tmp/minio_downloads/1769248266.json
[2026-01-24T19:03:19.497+0000] {logging_mixin.py:188} INFO - Downloaded TSLA/1769248277.json -> /tmp/minio_downloads/1769248277.json
[2026-01-24T19:03:19.503+0000] {logging_mixin.py:188} INFO - Downloaded TSLA/1769248296.json -> /tmp/minio_downloads/1769248296.json
[2026-01-24T19:03:19.510+0000] {logging_mixin.py:188} INFO - Downloaded TSLA/1769248308.json -> /tmp/minio_downloads/1769248308.json
[2026-01-24T19:03:19.525+0000] {logging_mixin.py:188} INFO - Downloaded TSLA/1769248321.json -> /tmp/minio_downloads/1769248321.json
[2026-01-24T19:03:19.535+0000] {logging_mixin.py:188} INFO - Downloaded TSLA/1769248331.json -> /tmp/minio_downloads/1769248331.json
[2026-01-24T19:03:19.542+0000] {logging_mixin.py:188} INFO - Downloaded TSLA/1769248341.json -> /tmp/minio_downloads/1769248341.json
[2026-01-24T19:03:19.556+0000] {logging_mixin.py:188} INFO - Downloaded TSLA/1769248356.json -> /tmp/minio_downloads/1769248356.json
[2026-01-24T19:03:19.576+0000] {logging_mixin.py:188} INFO - Downloaded TSLA/1769248369.json -> /tmp/minio_downloads/1769248369.json
[2026-01-24T19:03:19.586+0000] {logging_mixin.py:188} INFO - Downloaded TSLA/1769248383.json -> /tmp/minio_downloads/1769248383.json
[2026-01-24T19:03:19.595+0000] {logging_mixin.py:188} INFO - Downloaded TSLA/1769248395.json -> /tmp/minio_downloads/1769248395.json
[2026-01-24T19:03:19.597+0000] {python.py:237} INFO - Done. Returned value was: [('AAPL/1769235244.json', '/tmp/minio_downloads/1769235244.json'), ('AAPL/1769235255.json', '/tmp/minio_downloads/1769235255.json'), ('AAPL/1769235270.json', '/tmp/minio_downloads/1769235270.json'), ('AAPL/1769235280.json', '/tmp/minio_downloads/1769235280.json'), ('AAPL/1769235294.json', '/tmp/minio_downloads/1769235294.json'), ('AAPL/1769248263.json', '/tmp/minio_downloads/1769248263.json'), ('AAPL/1769248275.json', '/tmp/minio_downloads/1769248275.json'), ('AAPL/1769248291.json', '/tmp/minio_downloads/1769248291.json'), ('AAPL/1769248305.json', '/tmp/minio_downloads/1769248305.json'), ('AAPL/1769248317.json', '/tmp/minio_downloads/1769248317.json'), ('AAPL/1769248329.json', '/tmp/minio_downloads/1769248329.json'), ('AAPL/1769248339.json', '/tmp/minio_downloads/1769248339.json'), ('AAPL/1769248349.json', '/tmp/minio_downloads/1769248349.json'), ('AAPL/1769248366.json', '/tmp/minio_downloads/1769248366.json'), ('AAPL/1769248379.json', '/tmp/minio_downloads/1769248379.json'), ('AAPL/1769248393.json', '/tmp/minio_downloads/1769248393.json'), ('AMZN/1769235248.json', '/tmp/minio_downloads/1769235248.json'), ('AMZN/1769235263.json', '/tmp/minio_downloads/1769235263.json'), ('AMZN/1769235273.json', '/tmp/minio_downloads/1769235273.json'), ('AMZN/1769235287.json', '/tmp/minio_downloads/1769235287.json'), ('AMZN/1769248268.json', '/tmp/minio_downloads/1769248268.json'), ('AMZN/1769248279.json', '/tmp/minio_downloads/1769248279.json'), ('AMZN/1769248297.json', '/tmp/minio_downloads/1769248297.json'), ('AMZN/1769248310.json', '/tmp/minio_downloads/1769248310.json'), ('AMZN/1769248322.json', '/tmp/minio_downloads/1769248322.json'), ('AMZN/1769248333.json', '/tmp/minio_downloads/1769248333.json'), ('AMZN/1769248343.json', '/tmp/minio_downloads/1769248343.json'), ('AMZN/1769248357.json', '/tmp/minio_downloads/1769248357.json'), ('AMZN/1769248372.json', '/tmp/minio_downloads/1769248372.json'), ('AMZN/1769248385.json', '/tmp/minio_downloads/1769248385.json'), ('GOOGL/1769235248.json', '/tmp/minio_downloads/1769235248.json'), ('GOOGL/1769235262.json', '/tmp/minio_downloads/1769235262.json'), ('GOOGL/1769235272.json', '/tmp/minio_downloads/1769235272.json'), ('GOOGL/1769235286.json', '/tmp/minio_downloads/1769235286.json'), ('GOOGL/1769248267.json', '/tmp/minio_downloads/1769248267.json'), ('GOOGL/1769248278.json', '/tmp/minio_downloads/1769248278.json'), ('GOOGL/1769248297.json', '/tmp/minio_downloads/1769248297.json'), ('GOOGL/1769248309.json', '/tmp/minio_downloads/1769248309.json'), ('GOOGL/1769248321.json', '/tmp/minio_downloads/1769248321.json'), ('GOOGL/1769248332.json', '/tmp/minio_downloads/1769248332.json'), ('GOOGL/1769248342.json', '/tmp/minio_downloads/1769248342.json'), ('GOOGL/1769248356.json', '/tmp/minio_downloads/1769248356.json'), ('GOOGL/1769248370.json', '/tmp/minio_downloads/1769248370.json'), ('GOOGL/1769248384.json', '/tmp/minio_downloads/1769248384.json'), ('MSFT/1769235245.json', '/tmp/minio_downloads/1769235245.json'), ('MSFT/1769235256.json', '/tmp/minio_downloads/1769235256.json'), ('MSFT/1769235271.json', '/tmp/minio_downloads/1769235271.json'), ('MSFT/1769235281.json', '/tmp/minio_downloads/1769235281.json'), ('MSFT/1769235295.json', '/tmp/minio_downloads/1769235295.json'), ('MSFT/1769248264.json', '/tmp/minio_downloads/1769248264.json'), ('MSFT/1769248276.json', '/tmp/minio_downloads/1769248276.json'), ('MSFT/1769248291.json', '/tmp/minio_downloads/1769248291.json'), ('MSFT/1769248306.json', '/tmp/minio_downloads/1769248306.json'), ('MSFT/1769248320.json', '/tmp/minio_downloads/1769248320.json'), ('MSFT/1769248330.json', '/tmp/minio_downloads/1769248330.json'), ('MSFT/1769248340.json', '/tmp/minio_downloads/1769248340.json'), ('MSFT/1769248355.json', '/tmp/minio_downloads/1769248355.json'), ('MSFT/1769248368.json', '/tmp/minio_downloads/1769248368.json'), ('MSFT/1769248381.json', '/tmp/minio_downloads/1769248381.json'), ('MSFT/1769248394.json', '/tmp/minio_downloads/1769248394.json'), ('TSLA/1769235247.json', '/tmp/minio_downloads/1769235247.json'), ('TSLA/1769235258.json', '/tmp/minio_downloads/1769235258.json'), ('TSLA/1769235272.json', '/tmp/minio_downloads/1769235272.json'), ('TSLA/1769235283.json', '/tmp/minio_downloads/1769235283.json'), ('TSLA/1769248266.json', '/tmp/minio_downloads/1769248266.json'), ('TSLA/1769248277.json', '/tmp/minio_downloads/1769248277.json'), ('TSLA/1769248296.json', '/tmp/minio_downloads/1769248296.json'), ('TSLA/1769248308.json', '/tmp/minio_downloads/1769248308.json'), ('TSLA/1769248321.json', '/tmp/minio_downloads/1769248321.json'), ('TSLA/1769248331.json', '/tmp/minio_downloads/1769248331.json'), ('TSLA/1769248341.json', '/tmp/minio_downloads/1769248341.json'), ('TSLA/1769248356.json', '/tmp/minio_downloads/1769248356.json'), ('TSLA/1769248369.json', '/tmp/minio_downloads/1769248369.json'), ('TSLA/1769248383.json', '/tmp/minio_downloads/1769248383.json'), ('TSLA/1769248395.json', '/tmp/minio_downloads/1769248395.json')]
[2026-01-24T19:03:19.599+0000] {taskinstance.py:441} INFO - ::group::Post task execution logs
[2026-01-24T19:03:19.659+0000] {taskinstance.py:1206} INFO - Marking task as SUCCESS. dag_id=minio_to_snowflake, task_id=download_minio, run_id=scheduled__2026-01-24T19:01:00+00:00, execution_date=20260124T190100, start_date=20260124T190317, end_date=20260124T190319
[2026-01-24T19:03:19.740+0000] {local_task_job_runner.py:243} INFO - Task exited with return code 0
[2026-01-24T19:03:19.780+0000] {taskinstance.py:3503} INFO - 1 downstream tasks scheduled from follow-on schedule check
[2026-01-24T19:03:19.781+0000] {local_task_job_runner.py:222} INFO - ::endgroup::
